#
# A fatal error has been detected by the Java Runtime Environment:
#
#  EXCEPTION_ACCESS_VIOLATION (0xc0000005) at pc=0x5ca71b25, pid=6936, tid=5820
#
# JRE version: Java(TM) SE Runtime Environment (7.0_45-b18) (build 1.7.0_45-b18)
# Java VM: Java HotSpot(TM) Client VM (24.45-b08 mixed mode, sharing windows-x86 )
# Problematic frame:
# C  [EradicatumXVR-driver-x86.dll+0x1b25]
#
# Failed to write core dump. Minidumps are not enabled by default on client versions of Windows
#
# If you would like to submit a bug report, please visit:
#   http://bugreport.sun.com/bugreport/crash.jsp
# The crash happened outside the Java Virtual Machine in native code.
# See problematic frame for where to report the bug.
#

---------------  T H R E A D  ---------------

Current thread (0x00eac000):  JavaThread "main" [_thread_in_native, id=5820, stack(0x00f90000,0x00fe0000)]

siginfo: ExceptionCode=0xc0000005, reading address 0x00000000

Registers:
EAX=0x00000000, EBX=0x076793f8, ECX=0x076793f8, EDX=0x5ca92270
ESP=0x00fdf708, EBP=0x00fdf748, ESI=0x00eac130, EDI=0x076ba200
EIP=0x5ca71b25, EFLAGS=0x00010216

Top of Stack: (sp=0x00fdf708)
0x00fdf708:   00eac000 33f93e50 33f93e50 00d5b55c
0x00fdf718:   00d5b550 00d5b554 00d5b560 00d5b558
0x00fdf728:   076ba200 076793f0 33f93e50 33f93e50
0x00fdf738:   00eaca2c 00fdf788 0262a8da 00eac000
0x00fdf748:   00fdf788 0262a9dd 00eac130 00fdf79c
0x00fdf758:   00fdf798 00eaca34 00eaca4c 00eaca4c
0x00fdf768:   00fdf768 33f93e50 00fdf79c 33f9bd20
0x00fdf778:   00000000 33f93e50 00000000 00fdf798 

Instructions: (pc=0x5ca71b25)
0x5ca71b05:   75 49 ff 15 b8 31 bb 5c 33 c0 8b 4c 24 24 3b 48
0x5ca71b15:   14 75 06 ff 15 b8 31 bb 5c 8b cb e8 cb a2 02 00
0x5ca71b25:   8b 10 6a 00 8b c8 8b 42 04 6a 00 ff d0 8b 4c 24
0x5ca71b35:   14 8b 15 8c 6e c3 5c 50 6a 10 51 52 8b c6 e8 58 


Register to memory mapping:

EAX=0x00000000 is an unknown value
EBX=0x076793f8 is an unknown value
ECX=0x076793f8 is an unknown value
EDX=0x5ca92270 is an unknown value
ESP=0x00fdf708 is pointing into the stack for thread: 0x00eac000
EBP=0x00fdf748 is pointing into the stack for thread: 0x00eac000
ESI=0x00eac130 is an unknown value
EDI=0x076ba200 is an unknown value


Stack: [0x00f90000,0x00fe0000],  sp=0x00fdf708,  free space=317k
Native frames: (J=compiled Java code, j=interpreted, Vv=VM code, C=native code)
C  [EradicatumXVR-driver-x86.dll+0x1b25]
j  jnibwapi.JNIBWAPI.startClient(Ljnibwapi/JNIBWAPI;)V+0
j  jnibwapi.JNIBWAPI.start()V+2
j  ai.core.XVRClient.<init>()V+62
j  ai.core.XVRClient.main([Ljava/lang/String;)V+3
v  ~StubRoutines::call_stub
V  [jvm.dll+0x13f1fa]
V  [jvm.dll+0x202aee]
V  [jvm.dll+0x13f27d]
V  [jvm.dll+0xc9945]
V  [jvm.dll+0xd45e7]
C  [javaw.exe+0x2070]
C  [javaw.exe+0xa5b1]
C  [javaw.exe+0xa63b]
C  [kernel32.dll+0x1338a]
C  [ntdll.dll+0x39f72]
C  [ntdll.dll+0x39f45]

Java frames: (J=compiled Java code, j=interpreted, Vv=VM code)
j  jnibwapi.JNIBWAPI.startClient(Ljnibwapi/JNIBWAPI;)V+0
j  jnibwapi.JNIBWAPI.start()V+2
j  ai.core.XVRClient.<init>()V+62
j  ai.core.XVRClient.main([Ljava/lang/String;)V+3
v  ~StubRoutines::call_stub

---------------  P R O C E S S  ---------------

Java Threads: ( => current thread )
  0x00de2400 JavaThread "Service Thread" daemon [_thread_blocked, id=6156, stack(0x04800000,0x04850000)]
  0x00dd4c00 JavaThread "C1 CompilerThread0" daemon [_thread_blocked, id=3780, stack(0x049a0000,0x049f0000)]
  0x00dd3800 JavaThread "Attach Listener" daemon [_thread_blocked, id=5612, stack(0x048c0000,0x04910000)]
  0x00dd0800 JavaThread "Signal Dispatcher" daemon [_thread_blocked, id=1672, stack(0x047b0000,0x04800000)]
  0x00d62800 JavaThread "Finalizer" daemon [_thread_blocked, id=7136, stack(0x046f0000,0x04740000)]
  0x00d61000 JavaThread "Reference Handler" daemon [_thread_blocked, id=7060, stack(0x010d0000,0x01120000)]
=>0x00eac000 JavaThread "main" [_thread_in_native, id=5820, stack(0x00f90000,0x00fe0000)]

Other Threads:
  0x00d5f000 VMThread [stack: 0x04660000,0x046b0000] [id=5004]
  0x00deb400 WatcherThread [stack: 0x04750000,0x047a0000] [id=2204]

VM state:not at safepoint (normal execution)

VM Mutex/Monitor currently owned by a thread: None

Heap
 def new generation   total 4928K, used 3780K [0x23f70000, 0x244c0000, 0x294c0000)
  eden space 4416K,  81% used [0x23f70000, 0x242f8060, 0x243c0000)
  from space 512K,  32% used [0x24440000, 0x24469260, 0x244c0000)
  to   space 512K,   0% used [0x243c0000, 0x243c0000, 0x24440000)
 tenured generation   total 10944K, used 984K [0x294c0000, 0x29f70000, 0x33f70000)
   the space 10944K,   8% used [0x294c0000, 0x295b6130, 0x295b6200, 0x29f70000)
 compacting perm gen  total 12288K, used 850K [0x33f70000, 0x34b70000, 0x37f70000)
   the space 12288K,   6% used [0x33f70000, 0x34044988, 0x34044a00, 0x34b70000)
    ro space 10240K,  44% used [0x37f70000, 0x383e7808, 0x383e7a00, 0x38970000)
    rw space 12288K,  52% used [0x38970000, 0x38fbe610, 0x38fbe800, 0x39570000)

Card table byte_map: [0x00eb0000,0x00f60000] byte_map_base: 0x00d90480

Polling page: 0x00280000

Code Cache  [0x02620000, 0x026f0000, 0x04620000)
 total_blobs=311 nmethods=169 adapters=79 free_code_cache=31955Kb largest_free_block=32722112

Compilation events (10 events):
Event: 21.756 Thread 0x00dd4c00  165             java.lang.AbstractStringBuilder::append (48 bytes)
Event: 21.756 Thread 0x00dd4c00 nmethod 165 0x026e9e88 code [0x026e9fa0, 0x026ea0c8]
Event: 69.970 Thread 0x00dd4c00  166             jnibwapi.types.UnitType::isBuilding (5 bytes)
Event: 69.970 Thread 0x00dd4c00 nmethod 166 0x026ea208 code [0x026ea300, 0x026ea380]
Event: 69.971 Thread 0x00dd4c00  167             java.util.LinkedHashMap::access$100 (5 bytes)
Event: 69.971 Thread 0x00dd4c00 nmethod 167 0x026ea3c8 code [0x026ea4c0, 0x026ea530]
Event: 69.971 Thread 0x00dd4c00  168             ai.core.XVR::getUnitsBuildings (61 bytes)
Event: 69.972 Thread 0x00dd4c00 nmethod 168 0x026ea588 code [0x026ea710, 0x026eab74]
Event: 69.973 Thread 0x00dd4c00  169             java.util.LinkedList$ListItr::checkForComodification (23 bytes)
Event: 69.973 Thread 0x00dd4c00 nmethod 169 0x026eb088 code [0x026eb190, 0x026eb28c]

GC Heap History (6 events):
Event: 21.267 GC heap before
{Heap before GC invocations=0 (full 0):
 def new generation   total 4928K, used 4416K [0x23f70000, 0x244c0000, 0x294c0000)
  eden space 4416K, 100% used [0x23f70000, 0x243c0000, 0x243c0000)
  from space 512K,   0% used [0x243c0000, 0x243c0000, 0x24440000)
  to   space 512K,   0% used [0x24440000, 0x24440000, 0x244c0000)
 tenured generation   total 10944K, used 0K [0x294c0000, 0x29f70000, 0x33f70000)
   the space 10944K,   0% used [0x294c0000, 0x294c0000, 0x294c0200, 0x29f70000)
 compacting perm gen  total 12288K, used 455K [0x33f70000, 0x34b70000, 0x37f70000)
   the space 12288K,   3% used [0x33f70000, 0x33fe1cd8, 0x33fe1e00, 0x34b70000)
    ro space 10240K,  44% used [0x37f70000, 0x383e7808, 0x383e7a00, 0x38970000)
    rw space 12288K,  52% used [0x38970000, 0x38fbe610, 0x38fbe800, 0x39570000)
Event: 21.269 GC heap after
Heap after GC invocations=1 (full 0):
 def new generation   total 4928K, used 512K [0x23f70000, 0x244c0000, 0x294c0000)
  eden space 4416K,   0% used [0x23f70000, 0x23f70000, 0x243c0000)
  from space 512K, 100% used [0x24440000, 0x244c0000, 0x244c0000)
  to   space 512K,   0% used [0x243c0000, 0x243c0000, 0x24440000)
 tenured generation   total 10944K, used 417K [0x294c0000, 0x29f70000, 0x33f70000)
   the space 10944K,   3% used [0x294c0000, 0x295287b8, 0x29528800, 0x29f70000)
 compacting perm gen  total 12288K, used 455K [0x33f70000, 0x34b70000, 0x37f70000)
   the space 12288K,   3% used [0x33f70000, 0x33fe1cd8, 0x33fe1e00, 0x34b70000)
    ro space 10240K,  44% used [0x37f70000, 0x383e7808, 0x383e7a00, 0x38970000)
    rw space 12288K,  52% used [0x38970000, 0x38fbe610, 0x38fbe800, 0x39570000)
}
Event: 21.473 GC heap before
{Heap before GC invocations=1 (full 0):
 def new generation   total 4928K, used 4928K [0x23f70000, 0x244c0000, 0x294c0000)
  eden space 4416K, 100% used [0x23f70000, 0x243c0000, 0x243c0000)
  from space 512K, 100% used [0x24440000, 0x244c0000, 0x244c0000)
  to   space 512K,   0% used [0x243c0000, 0x243c0000, 0x24440000)
 tenured generation   total 10944K, used 417K [0x294c0000, 0x29f70000, 0x33f70000)
   the space 10944K,   3% used [0x294c0000, 0x295287b8, 0x29528800, 0x29f70000)
 compacting perm gen  total 12288K, used 690K [0x33f70000, 0x34b70000, 0x37f70000)
   the space 12288K,   5% used [0x33f70000, 0x3401c808, 0x3401ca00, 0x34b70000)
    ro space 10240K,  44% used [0x37f70000, 0x383e7808, 0x383e7a00, 0x38970000)
    rw space 12288K,  52% used [0x38970000, 0x38fbe610, 0x38fbe800, 0x39570000)
Event: 21.476 GC heap after
Heap after GC invocations=2 (full 0):
 def new generation   total 4928K, used 306K [0x23f70000, 0x244c0000, 0x294c0000)
  eden space 4416K,   0% used [0x23f70000, 0x23f70000, 0x243c0000)
  from space 512K,  59% used [0x243c0000, 0x2440c920, 0x24440000)
  to   space 512K,   0% used [0x24440000, 0x24440000, 0x244c0000)
 tenured generation   total 10944K, used 861K [0x294c0000, 0x29f70000, 0x33f70000)
   the space 10944K,   7% used [0x294c0000, 0x29597650, 0x29597800, 0x29f70000)
 compacting perm gen  total 12288K, used 690K [0x33f70000, 0x34b70000, 0x37f70000)
   the space 12288K,   5% used [0x33f70000, 0x3401c808, 0x3401ca00, 0x34b70000)
    ro space 10240K,  44% used [0x37f70000, 0x383e7808, 0x383e7a00, 0x38970000)
    rw space 12288K,  52% used [0x38970000, 0x38fbe610, 0x38fbe800, 0x39570000)
}
Event: 21.615 GC heap before
{Heap before GC invocations=2 (full 0):
 def new generation   total 4928K, used 4722K [0x23f70000, 0x244c0000, 0x294c0000)
  eden space 4416K, 100% used [0x23f70000, 0x243c0000, 0x243c0000)
  from space 512K,  59% used [0x243c0000, 0x2440c920, 0x24440000)
  to   space 512K,   0% used [0x24440000, 0x24440000, 0x244c0000)
 tenured generation   total 10944K, used 861K [0x294c0000, 0x29f70000, 0x33f70000)
   the space 10944K,   7% used [0x294c0000, 0x29597650, 0x29597800, 0x29f70000)
 compacting perm gen  total 12288K, used 690K [0x33f70000, 0x34b70000, 0x37f70000)
   the space 12288K,   5% used [0x33f70000, 0x3401c818, 0x3401ca00, 0x34b70000)
    ro space 10240K,  44% used [0x37f70000, 0x383e7808, 0x383e7a00, 0x38970000)
    rw space 12288K,  52% used [0x38970000, 0x38fbe610, 0x38fbe800, 0x39570000)
Event: 21.616 GC heap after
Heap after GC invocations=3 (full 0):
 def new generation   total 4928K, used 164K [0x23f70000, 0x244c0000, 0x294c0000)
  eden space 4416K,   0% used [0x23f70000, 0x23f70000, 0x243c0000)
  from space 512K,  32% used [0x24440000, 0x24469260, 0x244c0000)
  to   space 512K,   0% used [0x243c0000, 0x243c0000, 0x24440000)
 tenured generation   total 10944K, used 984K [0x294c0000, 0x29f70000, 0x33f70000)
   the space 10944K,   8% used [0x294c0000, 0x295b6130, 0x295b6200, 0x29f70000)
 compacting perm gen  total 12288K, used 690K [0x33f70000, 0x34b70000, 0x37f70000)
   the space 12288K,   5% used [0x33f70000, 0x3401c818, 0x3401ca00, 0x34b70000)
    ro space 10240K,  44% used [0x37f70000, 0x383e7808, 0x383e7a00, 0x38970000)
    rw space 12288K,  52% used [0x38970000, 0x38fbe610, 0x38fbe800, 0x39570000)
}

Deoptimization events (0 events):
No events

Internal exceptions (10 events):
Event: 21.718 Thread 0x00eac000 Threw 0x242476f0 at C:\re\jdk7u45\229\hotspot\src\share\vm\prims\jvm.cpp:1244
Event: 21.718 Thread 0x00eac000 Threw 0x2424a7b0 at C:\re\jdk7u45\229\hotspot\src\share\vm\prims\jvm.cpp:1244
Event: 21.718 Thread 0x00eac000 Threw 0x2424c4f8 at C:\re\jdk7u45\229\hotspot\src\share\vm\prims\jvm.cpp:1244
Event: 21.719 Thread 0x00eac000 Threw 0x2424ff30 at C:\re\jdk7u45\229\hotspot\src\share\vm\prims\jvm.cpp:1244
Event: 21.719 Thread 0x00eac000 Threw 0x24251d70 at C:\re\jdk7u45\229\hotspot\src\share\vm\prims\jvm.cpp:1244
Event: 21.720 Thread 0x00eac000 Threw 0x24253bd8 at C:\re\jdk7u45\229\hotspot\src\share\vm\prims\jvm.cpp:1244
Event: 21.720 Thread 0x00eac000 Threw 0x24255b48 at C:\re\jdk7u45\229\hotspot\src\share\vm\prims\jvm.cpp:1244
Event: 21.721 Thread 0x00eac000 Threw 0x24258f08 at C:\re\jdk7u45\229\hotspot\src\share\vm\prims\jvm.cpp:1244
Event: 21.721 Thread 0x00eac000 Threw 0x2425af18 at C:\re\jdk7u45\229\hotspot\src\share\vm\prims\jvm.cpp:1244
Event: 21.722 Thread 0x00eac000 Threw 0x2425e470 at C:\re\jdk7u45\229\hotspot\src\share\vm\prims\jvm.cpp:1244

Events (10 events):
Event: 21.720 loading class 0x04cdf5c0
Event: 21.720 loading class 0x04cdf5c0 done
Event: 21.720 loading class 0x00dfecf0
Event: 21.720 loading class 0x00dfecf0 done
Event: 21.721 loading class 0x04cded88
Event: 21.721 loading class 0x04cded88 done
Event: 21.721 loading class 0x04ce1240
Event: 21.721 loading class 0x04ce1240 done
Event: 21.722 loading class 0x04cdee48
Event: 21.722 loading class 0x04cdee48 done


Dynamic libraries:
0x011f0000 - 0x0121f000 	C:\Program Files (x86)\Java\jdk1.7.0_45\bin\javaw.exe
0x77c40000 - 0x77dc0000 	C:\Windows\SysWOW64\ntdll.dll
0x76c10000 - 0x76d20000 	C:\Windows\syswow64\kernel32.dll
0x753e0000 - 0x75427000 	C:\Windows\syswow64\KERNELBASE.dll
0x76ee0000 - 0x76f80000 	C:\Windows\syswow64\ADVAPI32.dll
0x768d0000 - 0x7697c000 	C:\Windows\syswow64\msvcrt.dll
0x76330000 - 0x76349000 	C:\Windows\SysWOW64\sechost.dll
0x767e0000 - 0x768d0000 	C:\Windows\syswow64\RPCRT4.dll
0x752f0000 - 0x75350000 	C:\Windows\syswow64\SspiCli.dll
0x752e0000 - 0x752ec000 	C:\Windows\syswow64\CRYPTBASE.dll
0x76f80000 - 0x77080000 	C:\Windows\syswow64\USER32.dll
0x77250000 - 0x772e0000 	C:\Windows\syswow64\GDI32.dll
0x77c10000 - 0x77c1a000 	C:\Windows\syswow64\LPK.dll
0x76740000 - 0x767dd000 	C:\Windows\syswow64\USP10.dll
0x717c0000 - 0x7195e000 	C:\Windows\WinSxS\x86_microsoft.windows.common-controls_6595b64144ccf1df_6.0.7601.17514_none_41e6975e2bd6f2b2\COMCTL32.dll
0x766e0000 - 0x76737000 	C:\Windows\syswow64\SHLWAPI.dll
0x75350000 - 0x753b0000 	C:\Windows\system32\IMM32.DLL
0x76140000 - 0x7620c000 	C:\Windows\syswow64\MSCTF.dll
0x65360000 - 0x6541f000 	C:\Program Files (x86)\Java\jdk1.7.0_45\jre\bin\msvcr100.dll
0x59d10000 - 0x5a090000 	C:\Program Files (x86)\Java\jdk1.7.0_45\jre\bin\client\jvm.dll
0x70c10000 - 0x70c17000 	C:\Windows\system32\WSOCK32.dll
0x76980000 - 0x769b5000 	C:\Windows\syswow64\WS2_32.dll
0x766c0000 - 0x766c6000 	C:\Windows\syswow64\NSI.dll
0x70d40000 - 0x70d72000 	C:\Windows\system32\WINMM.dll
0x766d0000 - 0x766d5000 	C:\Windows\syswow64\PSAPI.DLL
0x5a4f0000 - 0x5a4fc000 	C:\Program Files (x86)\Java\jdk1.7.0_45\jre\bin\verify.dll
0x5a4d0000 - 0x5a4f0000 	C:\Program Files (x86)\Java\jdk1.7.0_45\jre\bin\java.dll
0x5a4b0000 - 0x5a4c3000 	C:\Program Files (x86)\Java\jdk1.7.0_45\jre\bin\zip.dll
0x5ca70000 - 0x5cc56000 	D:\JAVA\GRY\StarCraft AI\EradicatumXVR\EradicatumXVR-driver-x86.dll
0x10000000 - 0x1002b000 	C:\Program Files (x86)\Java\jdk1.7.0_45\bin\gmp-vc90-mt.dll
0x72c50000 - 0x72cf3000 	C:\Windows\WinSxS\x86_microsoft.vc90.crt_1fc8b3b9a1e18e3b_9.0.30729.6161_none_50934f2ebcb7eb57\MSVCR90.dll
0x5f1f0000 - 0x5f27e000 	C:\Windows\WinSxS\x86_microsoft.vc90.crt_1fc8b3b9a1e18e3b_9.0.30729.6161_none_50934f2ebcb7eb57\MSVCP90.dll
0x01170000 - 0x011b1000 	C:\Program Files (x86)\Java\jdk1.7.0_45\bin\mpfr-vc90-mt.dll
0x73160000 - 0x7324b000 	C:\Windows\system32\dbghelp.dll

VM Arguments:
jvm_args: -Dfile.encoding=UTF-8 
java_command: ai.core.XVRClient
Launcher Type: SUN_STANDARD

Environment Variables:
JAVA_HOME=C:\Program Files (x86)\Java\jdk1.7.0_45
PATH=C:/Program Files (x86)/Java/jdk1.7.0_45/bin/../jre/bin/client;C:/Program Files (x86)/Java/jdk1.7.0_45/bin/../jre/bin;C:/Program Files (x86)/Java/jdk1.7.0_45/bin/../jre/lib/i386;C:\Program Files (x86)\Java\jdk1.7.0_45\bin\;D:\PROGRAMY\Python\27\;C:\maven\bin;C:\Program Files (x86)\CollabNet\Subversion Client;C:\Windows\system32;D:\PROGRAMY\wamp\bin\php\php5.5.12;C:\Windows;C:\Windows\System32\Wbem;C:\Windows\System32\WindowsPowerShell\v1.0\;C:\Program Files\TortoiseSVN\bin;D:\PROGRAMY\MiKTeX 2.9\miktex\bin\;C:\mongodb\;C:\Program Files\nodejs\;D:\PROGRAMY\Git\cmd;D:\PROGRAMY\NirCmd\;D:\PROGRAMY\Mercurial\;C:\ProgramData\ComposerSetup\bin;C:\maven\bin;D:\LIBRARIES\cURL\bin;C:\Windows\System32\WindowsPowerShell\v1.0\;C:\Windows\System32\WindowsPowerShell\v1.0\;C:\Program Files (x86)\scala\bin;D:\PROGRAMY\WinSCP\;d:\programy\wt-nmp\bin;C:\Users\Rav\AppData\Roaming\npm;D:\PROGRAMY\eclipse32;
USERNAME=Rav
OS=Windows_NT
PROCESSOR_IDENTIFIER=Intel64 Family 6 Model 15 Stepping 6, GenuineIntel



---------------  S Y S T E M  ---------------

OS: Windows 7 , 64 bit Build 7601 Service Pack 1

CPU:total 2 (2 cores per cpu, 1 threads per core) family 6 model 15 stepping 6, cmov, cx8, fxsr, mmx, sse, sse2, sse3, ssse3, tsc

Memory: 4k page, physical 8387672k(3247564k free), swap 16773480k(10748184k free)

vm_info: Java HotSpot(TM) Client VM (24.45-b08) for windows-x86 JRE (1.7.0_45-b18), built on Oct  8 2013 06:02:43 by "java_re" with unknown MS VC++:1600

time: Sun Dec 21 16:22:51 2014
elapsed time: 70 seconds

