#
# A fatal error has been detected by the Java Runtime Environment:
#
#  EXCEPTION_ACCESS_VIOLATION (0xc0000005) at pc=0x5ca71b25, pid=6812, tid=4692
#
# JRE version: Java(TM) SE Runtime Environment (7.0_45-b18) (build 1.7.0_45-b18)
# Java VM: Java HotSpot(TM) Client VM (24.45-b08 mixed mode, sharing windows-x86 )
# Problematic frame:
# C  [EradicatumXVR-driver-x86.dll+0x1b25]
#
# Failed to write core dump. Minidumps are not enabled by default on client versions of Windows
#
# If you would like to submit a bug report, please visit:
#   http://bugreport.sun.com/bugreport/crash.jsp
# The crash happened outside the Java Virtual Machine in native code.
# See problematic frame for where to report the bug.
#

---------------  T H R E A D  ---------------

Current thread (0x00d1c000):  JavaThread "main" [_thread_in_native, id=4692, stack(0x00860000,0x008b0000)]

siginfo: ExceptionCode=0xc0000005, reading address 0x00000000

Registers:
EAX=0x00000000, EBX=0x075392e8, ECX=0x075392e8, EDX=0x5ca92270
ESP=0x008af7c8, EBP=0x008af808, ESI=0x00d1c130, EDI=0x0757a200
EIP=0x5ca71b25, EFLAGS=0x00010212

Top of Stack: (sp=0x008af7c8)
0x008af7c8:   00d1c000 33f93e50 33f93e50 00c3b55c
0x008af7d8:   00c3b550 00c3b554 00c3b560 00c3b558
0x008af7e8:   0757a200 075392e0 33f93e50 33f93e50
0x008af7f8:   00d1ca2c 008af848 0262a8da 00d1c000
0x008af808:   008af848 0262a9dd 00d1c130 008af85c
0x008af818:   008af858 00d1ca34 00d1ca4c 00d1ca4c
0x008af828:   008af828 33f93e50 008af85c 33f9bd20
0x008af838:   00000000 33f93e50 00000000 008af858 

Instructions: (pc=0x5ca71b25)
0x5ca71b05:   75 49 ff 15 b8 31 bb 5c 33 c0 8b 4c 24 24 3b 48
0x5ca71b15:   14 75 06 ff 15 b8 31 bb 5c 8b cb e8 cb a2 02 00
0x5ca71b25:   8b 10 6a 00 8b c8 8b 42 04 6a 00 ff d0 8b 4c 24
0x5ca71b35:   14 8b 15 8c 6e c3 5c 50 6a 10 51 52 8b c6 e8 58 


Register to memory mapping:

EAX=0x00000000 is an unknown value
EBX=0x075392e8 is an unknown value
ECX=0x075392e8 is an unknown value
EDX=0x5ca92270 is an unknown value
ESP=0x008af7c8 is pointing into the stack for thread: 0x00d1c000
EBP=0x008af808 is pointing into the stack for thread: 0x00d1c000
ESI=0x00d1c130 is an unknown value
EDI=0x0757a200 is an unknown value


Stack: [0x00860000,0x008b0000],  sp=0x008af7c8,  free space=317k
Native frames: (J=compiled Java code, j=interpreted, Vv=VM code, C=native code)
C  [EradicatumXVR-driver-x86.dll+0x1b25]
j  jnibwapi.JNIBWAPI.startClient(Ljnibwapi/JNIBWAPI;)V+0
j  jnibwapi.JNIBWAPI.start()V+2
j  ai.core.XVRClient.<init>()V+62
j  ai.core.XVRClient.main([Ljava/lang/String;)V+3
v  ~StubRoutines::call_stub
V  [jvm.dll+0x13f1fa]
V  [jvm.dll+0x202aee]
V  [jvm.dll+0x13f27d]
V  [jvm.dll+0xc9945]
V  [jvm.dll+0xd45e7]
C  [javaw.exe+0x2070]
C  [javaw.exe+0xa5b1]
C  [javaw.exe+0xa63b]
C  [kernel32.dll+0x1338a]
C  [ntdll.dll+0x39f72]
C  [ntdll.dll+0x39f45]

Java frames: (J=compiled Java code, j=interpreted, Vv=VM code)
j  jnibwapi.JNIBWAPI.startClient(Ljnibwapi/JNIBWAPI;)V+0
j  jnibwapi.JNIBWAPI.start()V+2
j  ai.core.XVRClient.<init>()V+62
j  ai.core.XVRClient.main([Ljava/lang/String;)V+3
v  ~StubRoutines::call_stub

---------------  P R O C E S S  ---------------

Java Threads: ( => current thread )
  0x00cbf000 JavaThread "Service Thread" daemon [_thread_blocked, id=4872, stack(0x04af0000,0x04b40000)]
  0x00cb4c00 JavaThread "C1 CompilerThread0" daemon [_thread_blocked, id=5056, stack(0x04950000,0x049a0000)]
  0x00cb3800 JavaThread "Attach Listener" daemon [_thread_blocked, id=7068, stack(0x011a0000,0x011f0000)]
  0x00cb0800 JavaThread "Signal Dispatcher" daemon [_thread_blocked, id=6488, stack(0x04880000,0x048d0000)]
  0x00c46000 JavaThread "Finalizer" daemon [_thread_blocked, id=5524, stack(0x01040000,0x01090000)]
  0x00c41000 JavaThread "Reference Handler" daemon [_thread_blocked, id=1116, stack(0x010a0000,0x010f0000)]
=>0x00d1c000 JavaThread "main" [_thread_in_native, id=4692, stack(0x00860000,0x008b0000)]

Other Threads:
  0x00c3f000 VMThread [stack: 0x00f60000,0x00fb0000] [id=6504]
  0x00cdac00 WatcherThread [stack: 0x04730000,0x04780000] [id=6192]

VM state:not at safepoint (normal execution)

VM Mutex/Monitor currently owned by a thread: None

Heap
 def new generation   total 4928K, used 2357K [0x23f70000, 0x244c0000, 0x294c0000)
  eden space 4416K,  49% used [0x23f70000, 0x241900c0, 0x243c0000)
  from space 512K,  35% used [0x243c0000, 0x243ed708, 0x24440000)
  to   space 512K,   0% used [0x24440000, 0x24440000, 0x244c0000)
 tenured generation   total 10944K, used 981K [0x294c0000, 0x29f70000, 0x33f70000)
   the space 10944K,   8% used [0x294c0000, 0x295b5720, 0x295b5800, 0x29f70000)
 compacting perm gen  total 12288K, used 850K [0x33f70000, 0x34b70000, 0x37f70000)
   the space 12288K,   6% used [0x33f70000, 0x34044950, 0x34044a00, 0x34b70000)
    ro space 10240K,  44% used [0x37f70000, 0x383e7808, 0x383e7a00, 0x38970000)
    rw space 12288K,  52% used [0x38970000, 0x38fbe610, 0x38fbe800, 0x39570000)

Card table byte_map: [0x00db0000,0x00e60000] byte_map_base: 0x00c90480

Polling page: 0x00140000

Code Cache  [0x02620000, 0x026f8000, 0x04620000)
 total_blobs=338 nmethods=196 adapters=79 free_code_cache=31924Kb largest_free_block=32691136

Compilation events (10 events):
Event: 66.481 Thread 0x00cb4c00  192             java.util.LinkedHashMap$LinkedHashIterator::hasNext (20 bytes)
Event: 66.482 Thread 0x00cb4c00 nmethod 192 0x026f1988 code [0x026f1a80, 0x026f1b20]
Event: 66.482 Thread 0x00cb4c00  193             ai.utils.RUtilities::sortByValue (106 bytes)
Event: 66.482 Thread 0x00cb4c00 nmethod 193 0x026f1b88 code [0x026f1d50, 0x026f21b4]
Event: 66.483 Thread 0x00cb4c00  194             java.util.AbstractSet::<init> (5 bytes)
Event: 66.483 Thread 0x00cb4c00 nmethod 194 0x026f26c8 code [0x026f27c0, 0x026f2840]
Event: 66.484 Thread 0x00cb4c00  195             java.lang.Integer::highestOneBit (38 bytes)
Event: 66.484 Thread 0x00cb4c00 nmethod 195 0x026f2888 code [0x026f2980, 0x026f2a10]
Event: 66.484 Thread 0x00cb4c00  196             java.lang.Integer::bitCount (49 bytes)
Event: 66.484 Thread 0x00cb4c00 nmethod 196 0x026f2a48 code [0x026f2b40, 0x026f2bf0]

GC Heap History (8 events):
Event: 17.451 GC heap before
{Heap before GC invocations=0 (full 0):
 def new generation   total 4928K, used 4416K [0x23f70000, 0x244c0000, 0x294c0000)
  eden space 4416K, 100% used [0x23f70000, 0x243c0000, 0x243c0000)
  from space 512K,   0% used [0x243c0000, 0x243c0000, 0x24440000)
  to   space 512K,   0% used [0x24440000, 0x24440000, 0x244c0000)
 tenured generation   total 10944K, used 0K [0x294c0000, 0x29f70000, 0x33f70000)
   the space 10944K,   0% used [0x294c0000, 0x294c0000, 0x294c0200, 0x29f70000)
 compacting perm gen  total 12288K, used 455K [0x33f70000, 0x34b70000, 0x37f70000)
   the space 12288K,   3% used [0x33f70000, 0x33fe1cd8, 0x33fe1e00, 0x34b70000)
    ro space 10240K,  44% used [0x37f70000, 0x383e7808, 0x383e7a00, 0x38970000)
    rw space 12288K,  52% used [0x38970000, 0x38fbe610, 0x38fbe800, 0x39570000)
Event: 17.454 GC heap after
Heap after GC invocations=1 (full 0):
 def new generation   total 4928K, used 512K [0x23f70000, 0x244c0000, 0x294c0000)
  eden space 4416K,   0% used [0x23f70000, 0x23f70000, 0x243c0000)
  from space 512K, 100% used [0x24440000, 0x244c0000, 0x244c0000)
  to   space 512K,   0% used [0x243c0000, 0x243c0000, 0x24440000)
 tenured generation   total 10944K, used 417K [0x294c0000, 0x29f70000, 0x33f70000)
   the space 10944K,   3% used [0x294c0000, 0x295287b8, 0x29528800, 0x29f70000)
 compacting perm gen  total 12288K, used 455K [0x33f70000, 0x34b70000, 0x37f70000)
   the space 12288K,   3% used [0x33f70000, 0x33fe1cd8, 0x33fe1e00, 0x34b70000)
    ro space 10240K,  44% used [0x37f70000, 0x383e7808, 0x383e7a00, 0x38970000)
    rw space 12288K,  52% used [0x38970000, 0x38fbe610, 0x38fbe800, 0x39570000)
}
Event: 17.617 GC heap before
{Heap before GC invocations=1 (full 0):
 def new generation   total 4928K, used 4928K [0x23f70000, 0x244c0000, 0x294c0000)
  eden space 4416K, 100% used [0x23f70000, 0x243c0000, 0x243c0000)
  from space 512K, 100% used [0x24440000, 0x244c0000, 0x244c0000)
  to   space 512K,   0% used [0x243c0000, 0x243c0000, 0x24440000)
 tenured generation   total 10944K, used 417K [0x294c0000, 0x29f70000, 0x33f70000)
   the space 10944K,   3% used [0x294c0000, 0x295287b8, 0x29528800, 0x29f70000)
 compacting perm gen  total 12288K, used 690K [0x33f70000, 0x34b70000, 0x37f70000)
   the space 12288K,   5% used [0x33f70000, 0x3401c868, 0x3401ca00, 0x34b70000)
    ro space 10240K,  44% used [0x37f70000, 0x383e7808, 0x383e7a00, 0x38970000)
    rw space 12288K,  52% used [0x38970000, 0x38fbe610, 0x38fbe800, 0x39570000)
Event: 17.620 GC heap after
Heap after GC invocations=2 (full 0):
 def new generation   total 4928K, used 493K [0x23f70000, 0x244c0000, 0x294c0000)
  eden space 4416K,   0% used [0x23f70000, 0x23f70000, 0x243c0000)
  from space 512K,  96% used [0x243c0000, 0x2443b4b8, 0x24440000)
  to   space 512K,   0% used [0x24440000, 0x24440000, 0x244c0000)
 tenured generation   total 10944K, used 861K [0x294c0000, 0x29f70000, 0x33f70000)
   the space 10944K,   7% used [0x294c0000, 0x29597650, 0x29597800, 0x29f70000)
 compacting perm gen  total 12288K, used 690K [0x33f70000, 0x34b70000, 0x37f70000)
   the space 12288K,   5% used [0x33f70000, 0x3401c868, 0x3401ca00, 0x34b70000)
    ro space 10240K,  44% used [0x37f70000, 0x383e7808, 0x383e7a00, 0x38970000)
    rw space 12288K,  52% used [0x38970000, 0x38fbe610, 0x38fbe800, 0x39570000)
}
Event: 17.735 GC heap before
{Heap before GC invocations=2 (full 0):
 def new generation   total 4928K, used 4909K [0x23f70000, 0x244c0000, 0x294c0000)
  eden space 4416K, 100% used [0x23f70000, 0x243c0000, 0x243c0000)
  from space 512K,  96% used [0x243c0000, 0x2443b4b8, 0x24440000)
  to   space 512K,   0% used [0x24440000, 0x24440000, 0x244c0000)
 tenured generation   total 10944K, used 861K [0x294c0000, 0x29f70000, 0x33f70000)
   the space 10944K,   7% used [0x294c0000, 0x29597650, 0x29597800, 0x29f70000)
 compacting perm gen  total 12288K, used 690K [0x33f70000, 0x34b70000, 0x37f70000)
   the space 12288K,   5% used [0x33f70000, 0x3401c868, 0x3401ca00, 0x34b70000)
    ro space 10240K,  44% used [0x37f70000, 0x383e7808, 0x383e7a00, 0x38970000)
    rw space 12288K,  52% used [0x38970000, 0x38fbe610, 0x38fbe800, 0x39570000)
Event: 17.736 GC heap after
Heap after GC invocations=3 (full 0):
 def new generation   total 4928K, used 67K [0x23f70000, 0x244c0000, 0x294c0000)
  eden space 4416K,   0% used [0x23f70000, 0x23f70000, 0x243c0000)
  from space 512K,  13% used [0x24440000, 0x24450c40, 0x244c0000)
  to   space 512K,   0% used [0x243c0000, 0x243c0000, 0x24440000)
 tenured generation   total 10944K, used 981K [0x294c0000, 0x29f70000, 0x33f70000)
   the space 10944K,   8% used [0x294c0000, 0x295b5720, 0x295b5800, 0x29f70000)
 compacting perm gen  total 12288K, used 690K [0x33f70000, 0x34b70000, 0x37f70000)
   the space 12288K,   5% used [0x33f70000, 0x3401c868, 0x3401ca00, 0x34b70000)
    ro space 10240K,  44% used [0x37f70000, 0x383e7808, 0x383e7a00, 0x38970000)
    rw space 12288K,  52% used [0x38970000, 0x38fbe610, 0x38fbe800, 0x39570000)
}
Event: 17.867 GC heap before
{Heap before GC invocations=3 (full 0):
 def new generation   total 4928K, used 4483K [0x23f70000, 0x244c0000, 0x294c0000)
  eden space 4416K, 100% used [0x23f70000, 0x243c0000, 0x243c0000)
  from space 512K,  13% used [0x24440000, 0x24450c40, 0x244c0000)
  to   space 512K,   0% used [0x243c0000, 0x243c0000, 0x24440000)
 tenured generation   total 10944K, used 981K [0x294c0000, 0x29f70000, 0x33f70000)
   the space 10944K,   8% used [0x294c0000, 0x295b5720, 0x295b5800, 0x29f70000)
 compacting perm gen  total 12288K, used 690K [0x33f70000, 0x34b70000, 0x37f70000)
   the space 12288K,   5% used [0x33f70000, 0x3401c878, 0x3401ca00, 0x34b70000)
    ro space 10240K,  44% used [0x37f70000, 0x383e7808, 0x383e7a00, 0x38970000)
    rw space 12288K,  52% used [0x38970000, 0x38fbe610, 0x38fbe800, 0x39570000)
Event: 17.868 GC heap after
Heap after GC invocations=4 (full 0):
 def new generation   total 4928K, used 181K [0x23f70000, 0x244c0000, 0x294c0000)
  eden space 4416K,   0% used [0x23f70000, 0x23f70000, 0x243c0000)
  from space 512K,  35% used [0x243c0000, 0x243ed708, 0x24440000)
  to   space 512K,   0% used [0x24440000, 0x24440000, 0x244c0000)
 tenured generation   total 10944K, used 981K [0x294c0000, 0x29f70000, 0x33f70000)
   the space 10944K,   8% used [0x294c0000, 0x295b5720, 0x295b5800, 0x29f70000)
 compacting perm gen  total 12288K, used 690K [0x33f70000, 0x34b70000, 0x37f70000)
   the space 12288K,   5% used [0x33f70000, 0x3401c878, 0x3401ca00, 0x34b70000)
    ro space 10240K,  44% used [0x37f70000, 0x383e7808, 0x383e7a00, 0x38970000)
    rw space 12288K,  52% used [0x38970000, 0x38fbe610, 0x38fbe800, 0x39570000)
}

Deoptimization events (0 events):
No events

Internal exceptions (10 events):
Event: 17.895 Thread 0x00d1c000 Threw 0x2402a600 at C:\re\jdk7u45\229\hotspot\src\share\vm\prims\jvm.cpp:1244
Event: 17.896 Thread 0x00d1c000 Threw 0x2402d648 at C:\re\jdk7u45\229\hotspot\src\share\vm\prims\jvm.cpp:1244
Event: 17.896 Thread 0x00d1c000 Threw 0x2402f3b0 at C:\re\jdk7u45\229\hotspot\src\share\vm\prims\jvm.cpp:1244
Event: 17.897 Thread 0x00d1c000 Threw 0x24032de8 at C:\re\jdk7u45\229\hotspot\src\share\vm\prims\jvm.cpp:1244
Event: 17.897 Thread 0x00d1c000 Threw 0x24034c28 at C:\re\jdk7u45\229\hotspot\src\share\vm\prims\jvm.cpp:1244
Event: 17.898 Thread 0x00d1c000 Threw 0x24036a90 at C:\re\jdk7u45\229\hotspot\src\share\vm\prims\jvm.cpp:1244
Event: 17.898 Thread 0x00d1c000 Threw 0x24038a00 at C:\re\jdk7u45\229\hotspot\src\share\vm\prims\jvm.cpp:1244
Event: 17.898 Thread 0x00d1c000 Threw 0x2403bdc0 at C:\re\jdk7u45\229\hotspot\src\share\vm\prims\jvm.cpp:1244
Event: 17.899 Thread 0x00d1c000 Threw 0x2403ddd0 at C:\re\jdk7u45\229\hotspot\src\share\vm\prims\jvm.cpp:1244
Event: 17.899 Thread 0x00d1c000 Threw 0x24041300 at C:\re\jdk7u45\229\hotspot\src\share\vm\prims\jvm.cpp:1244

Events (10 events):
Event: 17.898 loading class 0x07c378d0
Event: 17.898 loading class 0x07c378d0 done
Event: 17.898 loading class 0x00ceab58
Event: 17.898 loading class 0x00ceab58 done
Event: 17.898 loading class 0x00d06120
Event: 17.898 loading class 0x00d06120 done
Event: 17.899 loading class 0x07c32400
Event: 17.899 loading class 0x07c32400 done
Event: 17.899 loading class 0x00d061e0
Event: 17.899 loading class 0x00d061e0 done


Dynamic libraries:
0x011f0000 - 0x0121f000 	C:\Program Files (x86)\Java\jdk1.7.0_45\bin\javaw.exe
0x77c40000 - 0x77dc0000 	C:\Windows\SysWOW64\ntdll.dll
0x76c10000 - 0x76d20000 	C:\Windows\syswow64\kernel32.dll
0x753e0000 - 0x75427000 	C:\Windows\syswow64\KERNELBASE.dll
0x76ee0000 - 0x76f80000 	C:\Windows\syswow64\ADVAPI32.dll
0x768d0000 - 0x7697c000 	C:\Windows\syswow64\msvcrt.dll
0x76330000 - 0x76349000 	C:\Windows\SysWOW64\sechost.dll
0x767e0000 - 0x768d0000 	C:\Windows\syswow64\RPCRT4.dll
0x752f0000 - 0x75350000 	C:\Windows\syswow64\SspiCli.dll
0x752e0000 - 0x752ec000 	C:\Windows\syswow64\CRYPTBASE.dll
0x76f80000 - 0x77080000 	C:\Windows\syswow64\USER32.dll
0x77250000 - 0x772e0000 	C:\Windows\syswow64\GDI32.dll
0x77c10000 - 0x77c1a000 	C:\Windows\syswow64\LPK.dll
0x76740000 - 0x767dd000 	C:\Windows\syswow64\USP10.dll
0x717c0000 - 0x7195e000 	C:\Windows\WinSxS\x86_microsoft.windows.common-controls_6595b64144ccf1df_6.0.7601.17514_none_41e6975e2bd6f2b2\COMCTL32.dll
0x766e0000 - 0x76737000 	C:\Windows\syswow64\SHLWAPI.dll
0x75350000 - 0x753b0000 	C:\Windows\system32\IMM32.DLL
0x76140000 - 0x7620c000 	C:\Windows\syswow64\MSCTF.dll
0x65360000 - 0x6541f000 	C:\Program Files (x86)\Java\jdk1.7.0_45\jre\bin\msvcr100.dll
0x59d10000 - 0x5a090000 	C:\Program Files (x86)\Java\jdk1.7.0_45\jre\bin\client\jvm.dll
0x70c10000 - 0x70c17000 	C:\Windows\system32\WSOCK32.dll
0x76980000 - 0x769b5000 	C:\Windows\syswow64\WS2_32.dll
0x766c0000 - 0x766c6000 	C:\Windows\syswow64\NSI.dll
0x70d40000 - 0x70d72000 	C:\Windows\system32\WINMM.dll
0x766d0000 - 0x766d5000 	C:\Windows\syswow64\PSAPI.DLL
0x5a4f0000 - 0x5a4fc000 	C:\Program Files (x86)\Java\jdk1.7.0_45\jre\bin\verify.dll
0x5a4d0000 - 0x5a4f0000 	C:\Program Files (x86)\Java\jdk1.7.0_45\jre\bin\java.dll
0x5a4b0000 - 0x5a4c3000 	C:\Program Files (x86)\Java\jdk1.7.0_45\jre\bin\zip.dll
0x5ca70000 - 0x5cc56000 	D:\JAVA\GRY\StarCraft AI\EradicatumXVR\EradicatumXVR-driver-x86.dll
0x10000000 - 0x1002b000 	C:\Program Files (x86)\Java\jdk1.7.0_45\bin\gmp-vc90-mt.dll
0x72c50000 - 0x72cf3000 	C:\Windows\WinSxS\x86_microsoft.vc90.crt_1fc8b3b9a1e18e3b_9.0.30729.6161_none_50934f2ebcb7eb57\MSVCR90.dll
0x5f1f0000 - 0x5f27e000 	C:\Windows\WinSxS\x86_microsoft.vc90.crt_1fc8b3b9a1e18e3b_9.0.30729.6161_none_50934f2ebcb7eb57\MSVCP90.dll
0x01140000 - 0x01181000 	C:\Program Files (x86)\Java\jdk1.7.0_45\bin\mpfr-vc90-mt.dll
0x73160000 - 0x7324b000 	C:\Windows\system32\dbghelp.dll

VM Arguments:
jvm_args: -Dfile.encoding=UTF-8 
java_command: ai.core.XVRClient
Launcher Type: SUN_STANDARD

Environment Variables:
JAVA_HOME=C:\Program Files (x86)\Java\jdk1.7.0_45
PATH=C:/Program Files (x86)/Java/jdk1.7.0_45/bin/../jre/bin/client;C:/Program Files (x86)/Java/jdk1.7.0_45/bin/../jre/bin;C:/Program Files (x86)/Java/jdk1.7.0_45/bin/../jre/lib/i386;C:\Program Files (x86)\Java\jdk1.7.0_45\bin\;D:\PROGRAMY\Python\27\;C:\maven\bin;C:\Program Files (x86)\CollabNet\Subversion Client;C:\Windows\system32;D:\PROGRAMY\wamp\bin\php\php5.5.12;C:\Windows;C:\Windows\System32\Wbem;C:\Windows\System32\WindowsPowerShell\v1.0\;C:\Program Files\TortoiseSVN\bin;D:\PROGRAMY\MiKTeX 2.9\miktex\bin\;C:\mongodb\;C:\Program Files\nodejs\;D:\PROGRAMY\Git\cmd;D:\PROGRAMY\NirCmd\;D:\PROGRAMY\Mercurial\;C:\ProgramData\ComposerSetup\bin;C:\maven\bin;D:\LIBRARIES\cURL\bin;C:\Windows\System32\WindowsPowerShell\v1.0\;C:\Windows\System32\WindowsPowerShell\v1.0\;C:\Program Files (x86)\scala\bin;D:\PROGRAMY\WinSCP\;d:\programy\wt-nmp\bin;C:\Users\Rav\AppData\Roaming\npm;D:\PROGRAMY\eclipse32;
USERNAME=Rav
OS=Windows_NT
PROCESSOR_IDENTIFIER=Intel64 Family 6 Model 15 Stepping 6, GenuineIntel



---------------  S Y S T E M  ---------------

OS: Windows 7 , 64 bit Build 7601 Service Pack 1

CPU:total 2 (2 cores per cpu, 1 threads per core) family 6 model 15 stepping 6, cmov, cx8, fxsr, mmx, sse, sse2, sse3, ssse3, tsc

Memory: 4k page, physical 8387672k(2961240k free), swap 16773480k(10310124k free)

vm_info: Java HotSpot(TM) Client VM (24.45-b08) for windows-x86 JRE (1.7.0_45-b18), built on Oct  8 2013 06:02:43 by "java_re" with unknown MS VC++:1600

time: Sun Dec 21 16:28:23 2014
elapsed time: 66 seconds

