#
# A fatal error has been detected by the Java Runtime Environment:
#
#  EXCEPTION_ACCESS_VIOLATION (0xc0000005) at pc=0x57921b25, pid=1732, tid=2880
#
# JRE version: Java(TM) SE Runtime Environment (7.0_45-b18) (build 1.7.0_45-b18)
# Java VM: Java HotSpot(TM) Client VM (24.45-b08 mixed mode, sharing windows-x86 )
# Problematic frame:
# C  [EradicatumXVR-driver-x86.dll+0x1b25]
#
# Failed to write core dump. Minidumps are not enabled by default on client versions of Windows
#
# If you would like to submit a bug report, please visit:
#   http://bugreport.sun.com/bugreport/crash.jsp
# The crash happened outside the Java Virtual Machine in native code.
# See problematic frame for where to report the bug.
#

---------------  T H R E A D  ---------------

Current thread (0x00f2c000):  JavaThread "main" [_thread_in_native, id=2880, stack(0x00ed0000,0x00f20000)]

siginfo: ExceptionCode=0xc0000005, reading address 0x00000000

Registers:
EAX=0x00000000, EBX=0x07439048, ECX=0x07439048, EDX=0x57942270
ESP=0x00f1f858, EBP=0x00f1f898, ESI=0x00f2c130, EDI=0x0747a200
EIP=0x57921b25, EFLAGS=0x00010206

Top of Stack: (sp=0x00f1f858)
0x00f1f858:   00f2c000 33f93e50 33f93e50 00dcb51c
0x00f1f868:   00dcb510 00dcb514 00dcb520 00dcb518
0x00f1f878:   0747a200 07439040 33f93e50 33f93e50
0x00f1f888:   00f2ca14 00f1f8d8 0281a8da 00f2c000
0x00f1f898:   00f1f8d8 0281a9dd 00f2c130 00f1f8ec
0x00f1f8a8:   00f1f8e8 00f2ca1c 00f2ca34 00f2ca34
0x00f1f8b8:   00f1f8b8 33f93e50 00f1f8ec 33f9bd20
0x00f1f8c8:   00000000 33f93e50 00000000 00f1f8e8 

Instructions: (pc=0x57921b25)
0x57921b05:   75 49 ff 15 b8 31 a6 57 33 c0 8b 4c 24 24 3b 48
0x57921b15:   14 75 06 ff 15 b8 31 a6 57 8b cb e8 cb a2 02 00
0x57921b25:   8b 10 6a 00 8b c8 8b 42 04 6a 00 ff d0 8b 4c 24
0x57921b35:   14 8b 15 8c 6e ae 57 50 6a 10 51 52 8b c6 e8 58 


Register to memory mapping:

EAX=0x00000000 is an unknown value
EBX=0x07439048 is an unknown value
ECX=0x07439048 is an unknown value
EDX=0x57942270 is an unknown value
ESP=0x00f1f858 is pointing into the stack for thread: 0x00f2c000
EBP=0x00f1f898 is pointing into the stack for thread: 0x00f2c000
ESI=0x00f2c130 is an unknown value
EDI=0x0747a200 is an unknown value


Stack: [0x00ed0000,0x00f20000],  sp=0x00f1f858,  free space=318k
Native frames: (J=compiled Java code, j=interpreted, Vv=VM code, C=native code)
C  [EradicatumXVR-driver-x86.dll+0x1b25]
j  jnibwapi.JNIBWAPI.startClient(Ljnibwapi/JNIBWAPI;)V+0
j  jnibwapi.JNIBWAPI.start()V+2
j  ai.core.XVRClient.<init>()V+62
j  ai.core.XVRClient.main([Ljava/lang/String;)V+3
v  ~StubRoutines::call_stub
V  [jvm.dll+0x13f1fa]
V  [jvm.dll+0x202aee]
V  [jvm.dll+0x13f27d]
V  [jvm.dll+0xc9945]
V  [jvm.dll+0xd45e7]
C  [javaw.exe+0x2070]
C  [javaw.exe+0xa5b1]
C  [javaw.exe+0xa63b]
C  [kernel32.dll+0x1338a]
C  [ntdll.dll+0x39f72]
C  [ntdll.dll+0x39f45]

Java frames: (J=compiled Java code, j=interpreted, Vv=VM code)
j  jnibwapi.JNIBWAPI.startClient(Ljnibwapi/JNIBWAPI;)V+0
j  jnibwapi.JNIBWAPI.start()V+2
j  ai.core.XVRClient.<init>()V+62
j  ai.core.XVRClient.main([Ljava/lang/String;)V+3
v  ~StubRoutines::call_stub

---------------  P R O C E S S  ---------------

Java Threads: ( => current thread )
  0x00e53400 JavaThread "Service Thread" daemon [_thread_blocked, id=3772, stack(0x04ae0000,0x04b30000)]
  0x00e45c00 JavaThread "C1 CompilerThread0" daemon [_thread_blocked, id=5016, stack(0x01240000,0x01290000)]
  0x00e44800 JavaThread "Attach Listener" daemon [_thread_blocked, id=2928, stack(0x048a0000,0x048f0000)]
  0x00e41400 JavaThread "Signal Dispatcher" daemon [_thread_blocked, id=3956, stack(0x04910000,0x04960000)]
  0x00dd6000 JavaThread "Finalizer" daemon [_thread_blocked, id=3288, stack(0x012a0000,0x012f0000)]
  0x00dd1000 JavaThread "Reference Handler" daemon [_thread_blocked, id=4828, stack(0x01150000,0x011a0000)]
=>0x00f2c000 JavaThread "main" [_thread_in_native, id=2880, stack(0x00ed0000,0x00f20000)]

Other Threads:
  0x00dcec00 VMThread [stack: 0x00f40000,0x00f90000] [id=1016]
  0x00e6ec00 WatcherThread [stack: 0x04970000,0x049c0000] [id=4592]

VM state:not at safepoint (normal execution)

VM Mutex/Monitor currently owned by a thread: None

Heap
 def new generation   total 4928K, used 1650K [0x23f70000, 0x244c0000, 0x294c0000)
  eden space 4416K,  25% used [0x23f70000, 0x2408c8f0, 0x243c0000)
  from space 512K, 100% used [0x24440000, 0x244c0000, 0x244c0000)
  to   space 512K,   0% used [0x243c0000, 0x243c0000, 0x24440000)
 tenured generation   total 10944K, used 406K [0x294c0000, 0x29f70000, 0x33f70000)
   the space 10944K,   3% used [0x294c0000, 0x29525a68, 0x29525c00, 0x29f70000)
 compacting perm gen  total 12288K, used 805K [0x33f70000, 0x34b70000, 0x37f70000)
   the space 12288K,   6% used [0x33f70000, 0x340397d8, 0x34039800, 0x34b70000)
    ro space 10240K,  44% used [0x37f70000, 0x383e7808, 0x383e7a00, 0x38970000)
    rw space 12288K,  52% used [0x38970000, 0x38fbe610, 0x38fbe800, 0x39570000)

Card table byte_map: [0x003e0000,0x00490000] byte_map_base: 0x002c0480

Polling page: 0x00180000

Code Cache  [0x02810000, 0x028c8000, 0x04810000)
 total_blobs=220 nmethods=78 adapters=79 free_code_cache=32056Kb largest_free_block=32825408

Compilation events (10 events):
Event: 16.267 Thread 0x00e45c00   74             jnibwapi.model.Unit::getY (5 bytes)
Event: 16.267 Thread 0x00e45c00 nmethod 74 0x028c0c88 code [0x028c0d80, 0x028c0e00]
Event: 16.272 Thread 0x00e45c00   75             java.lang.String::getChars (62 bytes)
Event: 16.272 Thread 0x00e45c00 nmethod 75 0x028c0e48 code [0x028c0f80, 0x028c1210]
Event: 16.282 Thread 0x00e45c00   76             java.util.HashMap::createEntry (39 bytes)
Event: 16.282 Thread 0x00e45c00 nmethod 76 0x028c1408 code [0x028c1510, 0x028c16d0]
Event: 16.282 Thread 0x00e45c00   77             java.util.HashMap::getEntry (86 bytes)
Event: 16.282 Thread 0x00e45c00 nmethod 77 0x028c1848 code [0x028c1970, 0x028c1af8]
Event: 65.033 Thread 0x00e45c00   78             java.lang.AbstractStringBuilder::append (48 bytes)
Event: 65.033 Thread 0x00e45c00 nmethod 78 0x028c1c48 code [0x028c1d60, 0x028c1e88]

GC Heap History (2 events):
Event: 16.232 GC heap before
{Heap before GC invocations=0 (full 0):
 def new generation   total 4928K, used 4416K [0x23f70000, 0x244c0000, 0x294c0000)
  eden space 4416K, 100% used [0x23f70000, 0x243c0000, 0x243c0000)
  from space 512K,   0% used [0x243c0000, 0x243c0000, 0x24440000)
  to   space 512K,   0% used [0x24440000, 0x24440000, 0x244c0000)
 tenured generation   total 10944K, used 0K [0x294c0000, 0x29f70000, 0x33f70000)
   the space 10944K,   0% used [0x294c0000, 0x294c0000, 0x294c0200, 0x29f70000)
 compacting perm gen  total 12288K, used 455K [0x33f70000, 0x34b70000, 0x37f70000)
   the space 12288K,   3% used [0x33f70000, 0x33fe1df8, 0x33fe1e00, 0x34b70000)
    ro space 10240K,  44% used [0x37f70000, 0x383e7808, 0x383e7a00, 0x38970000)
    rw space 12288K,  52% used [0x38970000, 0x38fbe610, 0x38fbe800, 0x39570000)
Event: 16.234 GC heap after
Heap after GC invocations=1 (full 0):
 def new generation   total 4928K, used 512K [0x23f70000, 0x244c0000, 0x294c0000)
  eden space 4416K,   0% used [0x23f70000, 0x23f70000, 0x243c0000)
  from space 512K, 100% used [0x24440000, 0x244c0000, 0x244c0000)
  to   space 512K,   0% used [0x243c0000, 0x243c0000, 0x24440000)
 tenured generation   total 10944K, used 406K [0x294c0000, 0x29f70000, 0x33f70000)
   the space 10944K,   3% used [0x294c0000, 0x29525a68, 0x29525c00, 0x29f70000)
 compacting perm gen  total 12288K, used 455K [0x33f70000, 0x34b70000, 0x37f70000)
   the space 12288K,   3% used [0x33f70000, 0x33fe1df8, 0x33fe1e00, 0x34b70000)
    ro space 10240K,  44% used [0x37f70000, 0x383e7808, 0x383e7a00, 0x38970000)
    rw space 12288K,  52% used [0x38970000, 0x38fbe610, 0x38fbe800, 0x39570000)
}

Deoptimization events (0 events):
No events

Internal exceptions (10 events):
Event: 16.271 Thread 0x00f2c000 Threw 0x24060b90 at C:\re\jdk7u45\229\hotspot\src\share\vm\prims\jvm.cpp:1244
Event: 16.271 Thread 0x00f2c000 Threw 0x24063bd8 at C:\re\jdk7u45\229\hotspot\src\share\vm\prims\jvm.cpp:1244
Event: 16.271 Thread 0x00f2c000 Threw 0x24065920 at C:\re\jdk7u45\229\hotspot\src\share\vm\prims\jvm.cpp:1244
Event: 16.271 Thread 0x00f2c000 Threw 0x240692f8 at C:\re\jdk7u45\229\hotspot\src\share\vm\prims\jvm.cpp:1244
Event: 16.272 Thread 0x00f2c000 Threw 0x2406aea0 at C:\re\jdk7u45\229\hotspot\src\share\vm\prims\jvm.cpp:1244
Event: 16.273 Thread 0x00f2c000 Threw 0x2406cd30 at C:\re\jdk7u45\229\hotspot\src\share\vm\prims\jvm.cpp:1244
Event: 16.273 Thread 0x00f2c000 Threw 0x2406eca0 at C:\re\jdk7u45\229\hotspot\src\share\vm\prims\jvm.cpp:1244
Event: 16.273 Thread 0x00f2c000 Threw 0x24072060 at C:\re\jdk7u45\229\hotspot\src\share\vm\prims\jvm.cpp:1244
Event: 16.274 Thread 0x00f2c000 Threw 0x24074070 at C:\re\jdk7u45\229\hotspot\src\share\vm\prims\jvm.cpp:1244
Event: 16.274 Thread 0x00f2c000 Threw 0x240774d0 at C:\re\jdk7u45\229\hotspot\src\share\vm\prims\jvm.cpp:1244

Events (10 events):
Event: 16.273 loading class 0x07be8d98
Event: 16.273 loading class 0x07be8d98 done
Event: 16.273 loading class 0x00e7e950
Event: 16.273 loading class 0x00e7e950 done
Event: 16.273 loading class 0x07bd2ac0
Event: 16.273 loading class 0x07bd2ac0 done
Event: 16.274 loading class 0x07bea6c8
Event: 16.274 loading class 0x07bea6c8 done
Event: 16.274 loading class 0x07bd2b80
Event: 16.274 loading class 0x07bd2b80 done


Dynamic libraries:
0x013e0000 - 0x0140f000 	C:\Program Files (x86)\Java\jdk1.7.0_45\bin\javaw.exe
0x77150000 - 0x772d0000 	C:\Windows\SysWOW64\ntdll.dll
0x75840000 - 0x75950000 	C:\Windows\syswow64\kernel32.dll
0x74e50000 - 0x74e97000 	C:\Windows\syswow64\KERNELBASE.dll
0x767d0000 - 0x76870000 	C:\Windows\syswow64\ADVAPI32.dll
0x75600000 - 0x756ac000 	C:\Windows\syswow64\msvcrt.dll
0x74d30000 - 0x74d49000 	C:\Windows\SysWOW64\sechost.dll
0x75090000 - 0x75180000 	C:\Windows\syswow64\RPCRT4.dll
0x74800000 - 0x74860000 	C:\Windows\syswow64\SspiCli.dll
0x747f0000 - 0x747fc000 	C:\Windows\syswow64\CRYPTBASE.dll
0x749b0000 - 0x74ab0000 	C:\Windows\syswow64\USER32.dll
0x74ca0000 - 0x74d30000 	C:\Windows\syswow64\GDI32.dll
0x75710000 - 0x7571a000 	C:\Windows\syswow64\LPK.dll
0x74ea0000 - 0x74f3d000 	C:\Windows\syswow64\USP10.dll
0x70e40000 - 0x70fde000 	C:\Windows\WinSxS\x86_microsoft.windows.common-controls_6595b64144ccf1df_6.0.7601.17514_none_41e6975e2bd6f2b2\COMCTL32.dll
0x74d50000 - 0x74da7000 	C:\Windows\syswow64\SHLWAPI.dll
0x756b0000 - 0x75710000 	C:\Windows\system32\IMM32.DLL
0x748e0000 - 0x749ac000 	C:\Windows\syswow64\MSCTF.dll
0x57b10000 - 0x57bcf000 	C:\Program Files (x86)\Java\jdk1.7.0_45\jre\bin\msvcr100.dll
0x596b0000 - 0x59a30000 	C:\Program Files (x86)\Java\jdk1.7.0_45\jre\bin\client\jvm.dll
0x73390000 - 0x73397000 	C:\Windows\system32\WSOCK32.dll
0x752b0000 - 0x752e5000 	C:\Windows\syswow64\WS2_32.dll
0x755f0000 - 0x755f6000 	C:\Windows\syswow64\NSI.dll
0x70b30000 - 0x70b62000 	C:\Windows\system32\WINMM.dll
0x74e40000 - 0x74e45000 	C:\Windows\syswow64\PSAPI.DLL
0x701f0000 - 0x701fc000 	C:\Program Files (x86)\Java\jdk1.7.0_45\jre\bin\verify.dll
0x700d0000 - 0x700f0000 	C:\Program Files (x86)\Java\jdk1.7.0_45\jre\bin\java.dll
0x6f0e0000 - 0x6f0f3000 	C:\Program Files (x86)\Java\jdk1.7.0_45\jre\bin\zip.dll
0x57920000 - 0x57b06000 	D:\JAVA\GRY\StarCraft AI\EradicatumXVR\EradicatumXVR-driver-x86.dll
0x10000000 - 0x1002b000 	C:\Program Files (x86)\Java\jdk1.7.0_45\bin\gmp-vc90-mt.dll
0x71830000 - 0x718d3000 	C:\Windows\WinSxS\x86_microsoft.vc90.crt_1fc8b3b9a1e18e3b_9.0.30729.6161_none_50934f2ebcb7eb57\MSVCR90.dll
0x65440000 - 0x654ce000 	C:\Windows\WinSxS\x86_microsoft.vc90.crt_1fc8b3b9a1e18e3b_9.0.30729.6161_none_50934f2ebcb7eb57\MSVCP90.dll
0x010b0000 - 0x010f1000 	C:\Program Files (x86)\Java\jdk1.7.0_45\bin\mpfr-vc90-mt.dll
0x744d0000 - 0x745bb000 	C:\Windows\system32\dbghelp.dll

VM Arguments:
jvm_args: -Dfile.encoding=UTF-8 
java_command: ai.core.XVRClient
Launcher Type: SUN_STANDARD

Environment Variables:
JAVA_HOME=C:\Program Files (x86)\Java\jdk1.7.0_45
PATH=C:/Program Files (x86)/Java/jdk1.7.0_45/bin/../jre/bin/client;C:/Program Files (x86)/Java/jdk1.7.0_45/bin/../jre/bin;C:/Program Files (x86)/Java/jdk1.7.0_45/bin/../jre/lib/i386;C:\Program Files (x86)\Java\jdk1.7.0_45\bin\;D:\PROGRAMY\Python\27\;C:\maven\bin;C:\Program Files (x86)\CollabNet\Subversion Client;C:\Windows\system32;D:\PROGRAMY\wamp\bin\php\php5.5.12;C:\Windows;C:\Windows\System32\Wbem;C:\Windows\System32\WindowsPowerShell\v1.0\;C:\Program Files\TortoiseSVN\bin;D:\PROGRAMY\MiKTeX 2.9\miktex\bin\;C:\mongodb\;C:\Program Files\nodejs\;D:\PROGRAMY\Git\cmd;D:\PROGRAMY\NirCmd\;D:\PROGRAMY\Mercurial\;C:\ProgramData\ComposerSetup\bin;C:\maven\bin;D:\LIBRARIES\cURL\bin;C:\Windows\System32\WindowsPowerShell\v1.0\;C:\Windows\System32\WindowsPowerShell\v1.0\;D:\PROGRAMY\WinSCP\;d:\programy\wt-nmp\bin;C:\Users\Rav\AppData\Roaming\npm;D:\PROGRAMY\eclipse32;
USERNAME=Rav
OS=Windows_NT
PROCESSOR_IDENTIFIER=Intel64 Family 6 Model 23 Stepping 10, GenuineIntel



---------------  S Y S T E M  ---------------

OS: Windows 7 , 64 bit Build 7601 Service Pack 1

CPU:total 2 (2 cores per cpu, 1 threads per core) family 6 model 23 stepping 10, cmov, cx8, fxsr, mmx, sse, sse2, sse3, ssse3, sse4.1, tsc

Memory: 4k page, physical 8387672k(3223672k free), swap 12580112k(6698932k free)

vm_info: Java HotSpot(TM) Client VM (24.45-b08) for windows-x86 JRE (1.7.0_45-b18), built on Oct  8 2013 06:02:43 by "java_re" with unknown MS VC++:1600

time: Fri Dec 26 18:50:02 2014
elapsed time: 65 seconds

