#
# A fatal error has been detected by the Java Runtime Environment:
#
#  EXCEPTION_ACCESS_VIOLATION (0xc0000005) at pc=0x5cea1b25, pid=6960, tid=4404
#
# JRE version: Java(TM) SE Runtime Environment (7.0_45-b18) (build 1.7.0_45-b18)
# Java VM: Java HotSpot(TM) Client VM (24.45-b08 mixed mode, sharing windows-x86 )
# Problematic frame:
# C  [EradicatumXVR-driver-x86.dll+0x1b25]
#
# Failed to write core dump. Minidumps are not enabled by default on client versions of Windows
#
# If you would like to submit a bug report, please visit:
#   http://bugreport.sun.com/bugreport/crash.jsp
# The crash happened outside the Java Virtual Machine in native code.
# See problematic frame for where to report the bug.
#

---------------  T H R E A D  ---------------

Current thread (0x00ccc000):  JavaThread "main" [_thread_in_native, id=4404, stack(0x00ec0000,0x00f10000)]

siginfo: ExceptionCode=0xc0000005, reading address 0x00000000

Registers:
EAX=0x00000000, EBX=0x074091c8, ECX=0x074091c8, EDX=0x5cec2270
ESP=0x00f0f528, EBP=0x00f0f568, ESI=0x00ccc130, EDI=0x0744a200
EIP=0x5cea1b25, EFLAGS=0x00010216

Top of Stack: (sp=0x00f0f528)
0x00f0f528:   00ccc000 33f93e50 33f93e50 00cfb55c
0x00f0f538:   00cfb550 00cfb554 00cfb560 00cfb558
0x00f0f548:   0744a200 074091c0 33f93e50 33f93e50
0x00f0f558:   00ccca2c 00f0f5a8 027ea8da 00ccc000
0x00f0f568:   00f0f5a8 027ea9dd 00ccc130 00f0f5bc
0x00f0f578:   00f0f5b8 00ccca34 00ccca4c 00ccca4c
0x00f0f588:   00f0f588 33f93e50 00f0f5bc 33f9bd20
0x00f0f598:   00000000 33f93e50 00000000 00f0f5b8 

Instructions: (pc=0x5cea1b25)
0x5cea1b05:   75 49 ff 15 b8 31 fe 5c 33 c0 8b 4c 24 24 3b 48
0x5cea1b15:   14 75 06 ff 15 b8 31 fe 5c 8b cb e8 cb a2 02 00
0x5cea1b25:   8b 10 6a 00 8b c8 8b 42 04 6a 00 ff d0 8b 4c 24
0x5cea1b35:   14 8b 15 8c 6e 06 5d 50 6a 10 51 52 8b c6 e8 58 


Register to memory mapping:

EAX=0x00000000 is an unknown value
EBX=0x074091c8 is an unknown value
ECX=0x074091c8 is an unknown value
EDX=0x5cec2270 is an unknown value
ESP=0x00f0f528 is pointing into the stack for thread: 0x00ccc000
EBP=0x00f0f568 is pointing into the stack for thread: 0x00ccc000
ESI=0x00ccc130 is an unknown value
EDI=0x0744a200 is an unknown value


Stack: [0x00ec0000,0x00f10000],  sp=0x00f0f528,  free space=317k
Native frames: (J=compiled Java code, j=interpreted, Vv=VM code, C=native code)
C  [EradicatumXVR-driver-x86.dll+0x1b25]
j  jnibwapi.JNIBWAPI.startClient(Ljnibwapi/JNIBWAPI;)V+0
j  jnibwapi.JNIBWAPI.start()V+2
j  ai.core.XVRClient.<init>()V+62
j  ai.core.XVRClient.main([Ljava/lang/String;)V+3
v  ~StubRoutines::call_stub
V  [jvm.dll+0x13f1fa]
V  [jvm.dll+0x202aee]
V  [jvm.dll+0x13f27d]
V  [jvm.dll+0xc9945]
V  [jvm.dll+0xd45e7]
C  [javaw.exe+0x2070]
C  [javaw.exe+0xa5b1]
C  [javaw.exe+0xa63b]
C  [kernel32.dll+0x1338a]
C  [ntdll.dll+0x39f72]
C  [ntdll.dll+0x39f45]

Java frames: (J=compiled Java code, j=interpreted, Vv=VM code)
j  jnibwapi.JNIBWAPI.startClient(Ljnibwapi/JNIBWAPI;)V+0
j  jnibwapi.JNIBWAPI.start()V+2
j  ai.core.XVRClient.<init>()V+62
j  ai.core.XVRClient.main([Ljava/lang/String;)V+3
v  ~StubRoutines::call_stub

---------------  P R O C E S S  ---------------

Java Threads: ( => current thread )
  0x00d7f000 JavaThread "Service Thread" daemon [_thread_blocked, id=4884, stack(0x049c0000,0x04a10000)]
  0x00d74c00 JavaThread "C1 CompilerThread0" daemon [_thread_blocked, id=3412, stack(0x00f90000,0x00fe0000)]
  0x00d73800 JavaThread "Attach Listener" daemon [_thread_blocked, id=4480, stack(0x04890000,0x048e0000)]
  0x00d70800 JavaThread "Signal Dispatcher" daemon [_thread_blocked, id=6288, stack(0x01360000,0x013b0000)]
  0x00d06000 JavaThread "Finalizer" daemon [_thread_blocked, id=2516, stack(0x01230000,0x01280000)]
  0x00d01000 JavaThread "Reference Handler" daemon [_thread_blocked, id=1756, stack(0x01090000,0x010e0000)]
=>0x00ccc000 JavaThread "main" [_thread_in_native, id=4404, stack(0x00ec0000,0x00f10000)]

Other Threads:
  0x00cff000 VMThread [stack: 0x01150000,0x011a0000] [id=4108]
  0x00d9ac00 WatcherThread [stack: 0x012c0000,0x01310000] [id=6032]

VM state:not at safepoint (normal execution)

VM Mutex/Monitor currently owned by a thread: None

Heap
 def new generation   total 4928K, used 670K [0x23f70000, 0x244c0000, 0x294c0000)
  eden space 4416K,  14% used [0x23f70000, 0x2400eb20, 0x243c0000)
  from space 512K,   7% used [0x24440000, 0x24448f68, 0x244c0000)
  to   space 512K,   0% used [0x243c0000, 0x243c0000, 0x24440000)
 tenured generation   total 10944K, used 988K [0x294c0000, 0x29f70000, 0x33f70000)
   the space 10944K,   9% used [0x294c0000, 0x295b7038, 0x295b7200, 0x29f70000)
 compacting perm gen  total 12288K, used 850K [0x33f70000, 0x34b70000, 0x37f70000)
   the space 12288K,   6% used [0x33f70000, 0x340448c0, 0x34044a00, 0x34b70000)
    ro space 10240K,  44% used [0x37f70000, 0x383e7808, 0x383e7a00, 0x38970000)
    rw space 12288K,  52% used [0x38970000, 0x38fbe610, 0x38fbe800, 0x39570000)

Card table byte_map: [0x00dd0000,0x00e80000] byte_map_base: 0x00cb0480

Polling page: 0x00130000

Code Cache  [0x027e0000, 0x028b0000, 0x047e0000)
 total_blobs=307 nmethods=165 adapters=79 free_code_cache=31959Kb largest_free_block=32726528

Compilation events (10 events):
Event: 147.095 Thread 0x00d74c00  161             java.util.Arrays::copyOf (13 bytes)
Event: 147.095 Thread 0x00d74c00 nmethod 161 0x028a8c88 code [0x028a8d80, 0x028a8e0c]
Event: 147.095 Thread 0x00d74c00  162             ai.core.XVR::getUnitsOfType (62 bytes)
Event: 147.096 Thread 0x00d74c00 nmethod 162 0x028a8e88 code [0x028a9000, 0x028a9428]
Event: 147.096 Thread 0x00d74c00  163             java.util.ArrayList::grow (45 bytes)
Event: 147.096 Thread 0x00d74c00 nmethod 163 0x028a9908 code [0x028a9a20, 0x028a9b88]
Event: 147.097 Thread 0x00d74c00  164             java.lang.AbstractStringBuilder::append (48 bytes)
Event: 147.097 Thread 0x00d74c00 nmethod 164 0x028a9cc8 code [0x028a9de0, 0x028a9f08]
Event: 195.311 Thread 0x00d74c00  165             java.util.AbstractCollection::<init> (5 bytes)
Event: 195.311 Thread 0x00d74c00 nmethod 165 0x028aa048 code [0x028aa140, 0x028aa1c0]

GC Heap History (6 events):
Event: 146.690 GC heap before
{Heap before GC invocations=0 (full 0):
 def new generation   total 4928K, used 4416K [0x23f70000, 0x244c0000, 0x294c0000)
  eden space 4416K, 100% used [0x23f70000, 0x243c0000, 0x243c0000)
  from space 512K,   0% used [0x243c0000, 0x243c0000, 0x24440000)
  to   space 512K,   0% used [0x24440000, 0x24440000, 0x244c0000)
 tenured generation   total 10944K, used 0K [0x294c0000, 0x29f70000, 0x33f70000)
   the space 10944K,   0% used [0x294c0000, 0x294c0000, 0x294c0200, 0x29f70000)
 compacting perm gen  total 12288K, used 455K [0x33f70000, 0x34b70000, 0x37f70000)
   the space 12288K,   3% used [0x33f70000, 0x33fe1cb8, 0x33fe1e00, 0x34b70000)
    ro space 10240K,  44% used [0x37f70000, 0x383e7808, 0x383e7a00, 0x38970000)
    rw space 12288K,  52% used [0x38970000, 0x38fbe610, 0x38fbe800, 0x39570000)
Event: 146.693 GC heap after
Heap after GC invocations=1 (full 0):
 def new generation   total 4928K, used 512K [0x23f70000, 0x244c0000, 0x294c0000)
  eden space 4416K,   0% used [0x23f70000, 0x23f70000, 0x243c0000)
  from space 512K, 100% used [0x24440000, 0x244c0000, 0x244c0000)
  to   space 512K,   0% used [0x243c0000, 0x243c0000, 0x24440000)
 tenured generation   total 10944K, used 435K [0x294c0000, 0x29f70000, 0x33f70000)
   the space 10944K,   3% used [0x294c0000, 0x2952ce10, 0x2952d000, 0x29f70000)
 compacting perm gen  total 12288K, used 455K [0x33f70000, 0x34b70000, 0x37f70000)
   the space 12288K,   3% used [0x33f70000, 0x33fe1cb8, 0x33fe1e00, 0x34b70000)
    ro space 10240K,  44% used [0x37f70000, 0x383e7808, 0x383e7a00, 0x38970000)
    rw space 12288K,  52% used [0x38970000, 0x38fbe610, 0x38fbe800, 0x39570000)
}
Event: 146.878 GC heap before
{Heap before GC invocations=1 (full 0):
 def new generation   total 4928K, used 4928K [0x23f70000, 0x244c0000, 0x294c0000)
  eden space 4416K, 100% used [0x23f70000, 0x243c0000, 0x243c0000)
  from space 512K, 100% used [0x24440000, 0x244c0000, 0x244c0000)
  to   space 512K,   0% used [0x243c0000, 0x243c0000, 0x24440000)
 tenured generation   total 10944K, used 435K [0x294c0000, 0x29f70000, 0x33f70000)
   the space 10944K,   3% used [0x294c0000, 0x2952ce10, 0x2952d000, 0x29f70000)
 compacting perm gen  total 12288K, used 689K [0x33f70000, 0x34b70000, 0x37f70000)
   the space 12288K,   5% used [0x33f70000, 0x3401c7f8, 0x3401c800, 0x34b70000)
    ro space 10240K,  44% used [0x37f70000, 0x383e7808, 0x383e7a00, 0x38970000)
    rw space 12288K,  52% used [0x38970000, 0x38fbe610, 0x38fbe800, 0x39570000)
Event: 146.880 GC heap after
Heap after GC invocations=2 (full 0):
 def new generation   total 4928K, used 266K [0x23f70000, 0x244c0000, 0x294c0000)
  eden space 4416K,   0% used [0x23f70000, 0x23f70000, 0x243c0000)
  from space 512K,  51% used [0x243c0000, 0x244028b0, 0x24440000)
  to   space 512K,   0% used [0x24440000, 0x24440000, 0x244c0000)
 tenured generation   total 10944K, used 866K [0x294c0000, 0x29f70000, 0x33f70000)
   the space 10944K,   7% used [0x294c0000, 0x29598a98, 0x29598c00, 0x29f70000)
 compacting perm gen  total 12288K, used 689K [0x33f70000, 0x34b70000, 0x37f70000)
   the space 12288K,   5% used [0x33f70000, 0x3401c7f8, 0x3401c800, 0x34b70000)
    ro space 10240K,  44% used [0x37f70000, 0x383e7808, 0x383e7a00, 0x38970000)
    rw space 12288K,  52% used [0x38970000, 0x38fbe610, 0x38fbe800, 0x39570000)
}
Event: 147.054 GC heap before
{Heap before GC invocations=2 (full 0):
 def new generation   total 4928K, used 4682K [0x23f70000, 0x244c0000, 0x294c0000)
  eden space 4416K, 100% used [0x23f70000, 0x243c0000, 0x243c0000)
  from space 512K,  51% used [0x243c0000, 0x244028b0, 0x24440000)
  to   space 512K,   0% used [0x24440000, 0x24440000, 0x244c0000)
 tenured generation   total 10944K, used 866K [0x294c0000, 0x29f70000, 0x33f70000)
   the space 10944K,   7% used [0x294c0000, 0x29598a98, 0x29598c00, 0x29f70000)
 compacting perm gen  total 12288K, used 799K [0x33f70000, 0x34b70000, 0x37f70000)
   the space 12288K,   6% used [0x33f70000, 0x34037e18, 0x34038000, 0x34b70000)
    ro space 10240K,  44% used [0x37f70000, 0x383e7808, 0x383e7a00, 0x38970000)
    rw space 12288K,  52% used [0x38970000, 0x38fbe610, 0x38fbe800, 0x39570000)
Event: 147.055 GC heap after
Heap after GC invocations=3 (full 0):
 def new generation   total 4928K, used 35K [0x23f70000, 0x244c0000, 0x294c0000)
  eden space 4416K,   0% used [0x23f70000, 0x23f70000, 0x243c0000)
  from space 512K,   7% used [0x24440000, 0x24448f68, 0x244c0000)
  to   space 512K,   0% used [0x243c0000, 0x243c0000, 0x24440000)
 tenured generation   total 10944K, used 988K [0x294c0000, 0x29f70000, 0x33f70000)
   the space 10944K,   9% used [0x294c0000, 0x295b7038, 0x295b7200, 0x29f70000)
 compacting perm gen  total 12288K, used 799K [0x33f70000, 0x34b70000, 0x37f70000)
   the space 12288K,   6% used [0x33f70000, 0x34037e18, 0x34038000, 0x34b70000)
    ro space 10240K,  44% used [0x37f70000, 0x383e7808, 0x383e7a00, 0x38970000)
    rw space 12288K,  52% used [0x38970000, 0x38fbe610, 0x38fbe800, 0x39570000)
}

Deoptimization events (0 events):
No events

Internal exceptions (10 events):
Event: 147.062 Thread 0x00ccc000 Threw 0x23f83720 at C:\re\jdk7u45\229\hotspot\src\share\vm\prims\jvm.cpp:1244
Event: 147.062 Thread 0x00ccc000 Threw 0x23f867a8 at C:\re\jdk7u45\229\hotspot\src\share\vm\prims\jvm.cpp:1244
Event: 147.062 Thread 0x00ccc000 Threw 0x23f884f0 at C:\re\jdk7u45\229\hotspot\src\share\vm\prims\jvm.cpp:1244
Event: 147.063 Thread 0x00ccc000 Threw 0x23f8bf28 at C:\re\jdk7u45\229\hotspot\src\share\vm\prims\jvm.cpp:1244
Event: 147.063 Thread 0x00ccc000 Threw 0x23f8dd68 at C:\re\jdk7u45\229\hotspot\src\share\vm\prims\jvm.cpp:1244
Event: 147.064 Thread 0x00ccc000 Threw 0x23f8fbd0 at C:\re\jdk7u45\229\hotspot\src\share\vm\prims\jvm.cpp:1244
Event: 147.064 Thread 0x00ccc000 Threw 0x23f91b40 at C:\re\jdk7u45\229\hotspot\src\share\vm\prims\jvm.cpp:1244
Event: 147.065 Thread 0x00ccc000 Threw 0x23f94f00 at C:\re\jdk7u45\229\hotspot\src\share\vm\prims\jvm.cpp:1244
Event: 147.065 Thread 0x00ccc000 Threw 0x23f96f10 at C:\re\jdk7u45\229\hotspot\src\share\vm\prims\jvm.cpp:1244
Event: 147.065 Thread 0x00ccc000 Threw 0x23f9a450 at C:\re\jdk7u45\229\hotspot\src\share\vm\prims\jvm.cpp:1244

Events (10 events):
Event: 147.064 loading class 0x07afb1c8
Event: 147.064 loading class 0x07afb1c8 done
Event: 147.064 loading class 0x00daab10
Event: 147.064 loading class 0x00daab10 done
Event: 147.065 loading class 0x07aefd70
Event: 147.065 loading class 0x07aefd70 done
Event: 147.065 loading class 0x07b019d0
Event: 147.065 loading class 0x07b019d0 done
Event: 147.065 loading class 0x07aefe30
Event: 147.065 loading class 0x07aefe30 done


Dynamic libraries:
0x013b0000 - 0x013df000 	C:\Program Files (x86)\Java\jdk1.7.0_45\bin\javaw.exe
0x77c40000 - 0x77dc0000 	C:\Windows\SysWOW64\ntdll.dll
0x76c10000 - 0x76d20000 	C:\Windows\syswow64\kernel32.dll
0x753e0000 - 0x75427000 	C:\Windows\syswow64\KERNELBASE.dll
0x76ee0000 - 0x76f80000 	C:\Windows\syswow64\ADVAPI32.dll
0x768d0000 - 0x7697c000 	C:\Windows\syswow64\msvcrt.dll
0x76330000 - 0x76349000 	C:\Windows\SysWOW64\sechost.dll
0x767e0000 - 0x768d0000 	C:\Windows\syswow64\RPCRT4.dll
0x752f0000 - 0x75350000 	C:\Windows\syswow64\SspiCli.dll
0x752e0000 - 0x752ec000 	C:\Windows\syswow64\CRYPTBASE.dll
0x76f80000 - 0x77080000 	C:\Windows\syswow64\USER32.dll
0x77250000 - 0x772e0000 	C:\Windows\syswow64\GDI32.dll
0x77c10000 - 0x77c1a000 	C:\Windows\syswow64\LPK.dll
0x76740000 - 0x767dd000 	C:\Windows\syswow64\USP10.dll
0x717c0000 - 0x7195e000 	C:\Windows\WinSxS\x86_microsoft.windows.common-controls_6595b64144ccf1df_6.0.7601.17514_none_41e6975e2bd6f2b2\COMCTL32.dll
0x766e0000 - 0x76737000 	C:\Windows\syswow64\SHLWAPI.dll
0x75350000 - 0x753b0000 	C:\Windows\system32\IMM32.DLL
0x76140000 - 0x7620c000 	C:\Windows\syswow64\MSCTF.dll
0x65520000 - 0x655df000 	C:\Program Files (x86)\Java\jdk1.7.0_45\jre\bin\msvcr100.dll
0x59d10000 - 0x5a090000 	C:\Program Files (x86)\Java\jdk1.7.0_45\jre\bin\client\jvm.dll
0x70c10000 - 0x70c17000 	C:\Windows\system32\WSOCK32.dll
0x76980000 - 0x769b5000 	C:\Windows\syswow64\WS2_32.dll
0x766c0000 - 0x766c6000 	C:\Windows\syswow64\NSI.dll
0x70d40000 - 0x70d72000 	C:\Windows\system32\WINMM.dll
0x766d0000 - 0x766d5000 	C:\Windows\syswow64\PSAPI.DLL
0x5a4f0000 - 0x5a4fc000 	C:\Program Files (x86)\Java\jdk1.7.0_45\jre\bin\verify.dll
0x5a4d0000 - 0x5a4f0000 	C:\Program Files (x86)\Java\jdk1.7.0_45\jre\bin\java.dll
0x5a4b0000 - 0x5a4c3000 	C:\Program Files (x86)\Java\jdk1.7.0_45\jre\bin\zip.dll
0x5cea0000 - 0x5d086000 	D:\JAVA\GRY\StarCraft AI\EradicatumXVR\EradicatumXVR-driver-x86.dll
0x10000000 - 0x1002b000 	C:\Program Files (x86)\Java\jdk1.7.0_45\bin\gmp-vc90-mt.dll
0x72c50000 - 0x72cf3000 	C:\Windows\WinSxS\x86_microsoft.vc90.crt_1fc8b3b9a1e18e3b_9.0.30729.6161_none_50934f2ebcb7eb57\MSVCR90.dll
0x5f1f0000 - 0x5f27e000 	C:\Windows\WinSxS\x86_microsoft.vc90.crt_1fc8b3b9a1e18e3b_9.0.30729.6161_none_50934f2ebcb7eb57\MSVCP90.dll
0x01040000 - 0x01081000 	C:\Program Files (x86)\Java\jdk1.7.0_45\bin\mpfr-vc90-mt.dll
0x73160000 - 0x7324b000 	C:\Windows\system32\dbghelp.dll

VM Arguments:
jvm_args: -Dfile.encoding=UTF-8 
java_command: ai.core.XVRClient
Launcher Type: SUN_STANDARD

Environment Variables:
JAVA_HOME=C:\Program Files (x86)\Java\jdk1.7.0_45
PATH=C:/Program Files (x86)/Java/jdk1.7.0_45/bin/../jre/bin/client;C:/Program Files (x86)/Java/jdk1.7.0_45/bin/../jre/bin;C:/Program Files (x86)/Java/jdk1.7.0_45/bin/../jre/lib/i386;C:\Program Files (x86)\Java\jdk1.7.0_45\bin\;D:\PROGRAMY\Python\27\;C:\maven\bin;C:\Program Files (x86)\CollabNet\Subversion Client;C:\Windows\system32;D:\PROGRAMY\wamp\bin\php\php5.5.12;C:\Windows;C:\Windows\System32\Wbem;C:\Windows\System32\WindowsPowerShell\v1.0\;C:\Program Files\TortoiseSVN\bin;D:\PROGRAMY\MiKTeX 2.9\miktex\bin\;C:\mongodb\;C:\Program Files\nodejs\;D:\PROGRAMY\Git\cmd;D:\PROGRAMY\NirCmd\;D:\PROGRAMY\Mercurial\;C:\ProgramData\ComposerSetup\bin;C:\maven\bin;D:\LIBRARIES\cURL\bin;C:\Windows\System32\WindowsPowerShell\v1.0\;C:\Windows\System32\WindowsPowerShell\v1.0\;C:\Program Files (x86)\scala\bin;D:\PROGRAMY\WinSCP\;d:\programy\wt-nmp\bin;C:\Users\Rav\AppData\Roaming\npm;D:\PROGRAMY\eclipse32;
USERNAME=Rav
OS=Windows_NT
PROCESSOR_IDENTIFIER=Intel64 Family 6 Model 15 Stepping 6, GenuineIntel



---------------  S Y S T E M  ---------------

OS: Windows 7 , 64 bit Build 7601 Service Pack 1

CPU:total 2 (2 cores per cpu, 1 threads per core) family 6 model 15 stepping 6, cmov, cx8, fxsr, mmx, sse, sse2, sse3, ssse3, tsc

Memory: 4k page, physical 8387672k(3171036k free), swap 16773480k(10481976k free)

vm_info: Java HotSpot(TM) Client VM (24.45-b08) for windows-x86 JRE (1.7.0_45-b18), built on Oct  8 2013 06:02:43 by "java_re" with unknown MS VC++:1600

time: Sun Dec 21 16:31:47 2014
elapsed time: 195 seconds

