#
# A fatal error has been detected by the Java Runtime Environment:
#
#  EXCEPTION_ACCESS_VIOLATION (0xc0000005) at pc=0x5ba46649, pid=5540, tid=4984
#
# JRE version: Java(TM) SE Runtime Environment (7.0_45-b18) (build 1.7.0_45-b18)
# Java VM: Java HotSpot(TM) Client VM (24.45-b08 mixed mode, sharing windows-x86 )
# Problematic frame:
# C  [EradicatumXVR-driver-x86.dll+0x16649]
#
# Failed to write core dump. Minidumps are not enabled by default on client versions of Windows
#
# If you would like to submit a bug report, please visit:
#   http://bugreport.sun.com/bugreport/crash.jsp
# The crash happened outside the Java Virtual Machine in native code.
# See problematic frame for where to report the bug.
#

---------------  T H R E A D  ---------------

Current thread (0x00e1c400):  JavaThread "main" [_thread_in_native, id=4984, stack(0x00d70000,0x00dc0000)]

siginfo: ExceptionCode=0xc0000005, writing address 0xee795674

Registers:
EAX=0x05fb0000, EBX=0x07090020, ECX=0x0000000a, EDX=0x00004e21
ESP=0x00dbf39c, EBP=0x00dbf3f0, ESI=0x00dbf3c8, EDI=0xee795674
EIP=0x5ba46649, EFLAGS=0x00010206

Top of Stack: (sp=0x00dbf39c)
0x00dbf39c:   06f06600 075c8d88 000000ff 07090020
0x00dbf3ac:   075c8d88 00000000 5ba4984c 00d54140
0x00dbf3bc:   00e1c530 00dbf454 00000008 00000001
0x00dbf3cc:   00000001 000002b2 0000003c 00000000
0x00dbf3dc:   00000000 00004e20 00000001 00000000
0x00dbf3ec:   00000000 00dbf418 5ba394e0 07090020
0x00dbf3fc:   000002b2 0000003c 5bb788ac 00d54140
0x00dbf40c:   00e1c400 241a80e4 00000000 00dbf448 

Instructions: (pc=0x5ba46649)
0x5ba46629:   90 fc 45 a7 00 89 4e 18 8b 43 04 8b 88 00 66 f5
0x5ba46639:   00 8d 0c 89 8d bc c8 04 66 f5 00 b9 0a 00 00 00
0x5ba46649:   f3 a5 8b 5b 04 8b 83 00 66 f5 00 83 c4 0c 5f 8d
0x5ba46659:   50 01 5e 89 93 00 66 f5 00 5b c3 cc cc cc cc cc 


Register to memory mapping:

EAX=0x05fb0000 is an unknown value
EBX=0x07090020 is an unknown value
ECX=0x0000000a is an unknown value
EDX=0x00004e21 is an unknown value
ESP=0x00dbf39c is pointing into the stack for thread: 0x00e1c400
EBP=0x00dbf3f0 is pointing into the stack for thread: 0x00e1c400
ESI=0x00dbf3c8 is pointing into the stack for thread: 0x00e1c400
EDI=0xee795674 is an unknown value


Stack: [0x00d70000,0x00dc0000],  sp=0x00dbf39c,  free space=316k
Native frames: (J=compiled Java code, j=interpreted, Vv=VM code, C=native code)
C  [EradicatumXVR-driver-x86.dll+0x16649]
C  [EradicatumXVR-driver-x86.dll+0x94e0]
J  jnibwapi.JNIBWAPI.drawText(IILjava/lang/String;Z)V
J  ai.core.Painter.paintMainMessage(Lai/core/XVR;Ljava/lang/String;)V
j  ai.core.Painter.paintAll(Lai/core/XVR;)V+50
j  ai.core.XVRClient.gameUpdate()V+4
j  jnibwapi.JNIBWAPI.gameUpdate()V+545
v  ~StubRoutines::call_stub
V  [jvm.dll+0x13f1fa]
V  [jvm.dll+0x202aee]
V  [jvm.dll+0x13f27d]
V  [jvm.dll+0xc9bc2]
V  [jvm.dll+0xcbbd3]
C  [EradicatumXVR-driver-x86.dll+0x11ba]
C  [EradicatumXVR-driver-x86.dll+0x1483]
j  jnibwapi.JNIBWAPI.startClient(Ljnibwapi/JNIBWAPI;)V+0
j  jnibwapi.JNIBWAPI.start()V+2
j  ai.core.XVRClient.<init>()V+62
j  ai.core.XVRClient.main([Ljava/lang/String;)V+3
v  ~StubRoutines::call_stub
V  [jvm.dll+0x13f1fa]
V  [jvm.dll+0x202aee]
V  [jvm.dll+0x13f27d]
V  [jvm.dll+0xc9945]
V  [jvm.dll+0xd45e7]
C  [javaw.exe+0x2070]
C  [javaw.exe+0xa5b1]
C  [javaw.exe+0xa63b]
C  [kernel32.dll+0x1338a]
C  [ntdll.dll+0x39f72]
C  [ntdll.dll+0x39f45]

Java frames: (J=compiled Java code, j=interpreted, Vv=VM code)
J  jnibwapi.JNIBWAPI.drawText(IILjava/lang/String;Z)V
J  ai.core.Painter.paintMainMessage(Lai/core/XVR;Ljava/lang/String;)V
j  ai.core.Painter.paintStatistics()V+287
j  ai.core.Painter.paintAll(Lai/core/XVR;)V+50
j  ai.core.XVRClient.gameUpdate()V+4
j  jnibwapi.JNIBWAPI.gameUpdate()V+545
v  ~StubRoutines::call_stub
j  jnibwapi.JNIBWAPI.startClient(Ljnibwapi/JNIBWAPI;)V+0
j  jnibwapi.JNIBWAPI.start()V+2
j  ai.core.XVRClient.<init>()V+62
j  ai.core.XVRClient.main([Ljava/lang/String;)V+3
v  ~StubRoutines::call_stub

---------------  P R O C E S S  ---------------

Java Threads: ( => current thread )
  0x00d1f400 JavaThread "Service Thread" daemon [_thread_blocked, id=3352, stack(0x04b40000,0x04b90000)]
  0x00d15000 JavaThread "C1 CompilerThread0" daemon [_thread_blocked, id=4592, stack(0x049c0000,0x04a10000)]
  0x00d14000 JavaThread "Attach Listener" daemon [_thread_blocked, id=5968, stack(0x048c0000,0x04910000)]
  0x00d11000 JavaThread "Signal Dispatcher" daemon [_thread_blocked, id=3592, stack(0x04840000,0x04890000)]
  0x00ca6400 JavaThread "Finalizer" daemon [_thread_blocked, id=4032, stack(0x046d0000,0x04720000)]
  0x00ca1400 JavaThread "Reference Handler" daemon [_thread_blocked, id=2344, stack(0x04610000,0x04660000)]
=>0x00e1c400 JavaThread "main" [_thread_in_native, id=4984, stack(0x00d70000,0x00dc0000)]

Other Threads:
  0x00c9f000 VMThread [stack: 0x010a0000,0x010f0000] [id=2016]
  0x00d3b000 WatcherThread [stack: 0x047a0000,0x047f0000] [id=1456]

VM state:not at safepoint (normal execution)

VM Mutex/Monitor currently owned by a thread: None

Heap
 def new generation   total 4928K, used 2339K [0x23f70000, 0x244c0000, 0x294c0000)
  eden space 4416K,  52% used [0x23f70000, 0x241b3098, 0x243c0000)
  from space 512K,   4% used [0x243c0000, 0x243c5c68, 0x24440000)
  to   space 512K,   0% used [0x24440000, 0x24440000, 0x244c0000)
 tenured generation   total 10944K, used 1223K [0x294c0000, 0x29f70000, 0x33f70000)
   the space 10944K,  11% used [0x294c0000, 0x295f1fe0, 0x295f2000, 0x29f70000)
 compacting perm gen  total 12288K, used 735K [0x33f70000, 0x34b70000, 0x37f70000)
   the space 12288K,   5% used [0x33f70000, 0x34027c78, 0x34027e00, 0x34b70000)
    ro space 10240K,  44% used [0x37f70000, 0x383e7808, 0x383e7a00, 0x38970000)
    rw space 12288K,  52% used [0x38970000, 0x38fbe610, 0x38fbe800, 0x39570000)

Card table byte_map: [0x00ec0000,0x00f70000] byte_map_base: 0x00da0480

Polling page: 0x00180000

Code Cache  [0x025f0000, 0x026b8000, 0x045f0000)
 total_blobs=294 nmethods=152 adapters=79 free_code_cache=31976Kb largest_free_block=32744128

Compilation events (10 events):
Event: 14.225 Thread 0x00d15000  147             java.lang.AbstractStringBuilder::append (62 bytes)
Event: 14.225 Thread 0x00d15000 nmethod 147 0x026b3d48 code [0x026b3e80, 0x026b4034]
Event: 14.225 Thread 0x00d15000  149             java.lang.String::valueOf (5 bytes)
Event: 14.225 Thread 0x00d15000 nmethod 149 0x026b4548 code [0x026b4640, 0x026b46bc]
Event: 14.225 Thread 0x00d15000  150             java.lang.Integer::toString (48 bytes)
Event: 14.225 Thread 0x00d15000 nmethod 150 0x026b4708 code [0x026b4830, 0x026b4a4c]
Event: 14.225 Thread 0x00d15000  151             jnibwapi.JNIBWAPI::drawText (15 bytes)
Event: 14.225 Thread 0x00d15000 nmethod 151 0x026b4c48 code [0x026b4d50, 0x026b4dfc]
Event: 14.227 Thread 0x00d15000  152             ai.core.Painter::paintMainMessage (141 bytes)
Event: 14.227 Thread 0x00d15000 nmethod 152 0x026b4e88 code [0x026b5040, 0x026b55f4]

GC Heap History (8 events):
Event: 14.049 GC heap before
{Heap before GC invocations=0 (full 0):
 def new generation   total 4928K, used 4408K [0x23f70000, 0x244c0000, 0x294c0000)
  eden space 4416K,  99% used [0x23f70000, 0x243be250, 0x243c0000)
  from space 512K,   0% used [0x243c0000, 0x243c0000, 0x24440000)
  to   space 512K,   0% used [0x24440000, 0x24440000, 0x244c0000)
 tenured generation   total 10944K, used 0K [0x294c0000, 0x29f70000, 0x33f70000)
   the space 10944K,   0% used [0x294c0000, 0x294c0000, 0x294c0200, 0x29f70000)
 compacting perm gen  total 12288K, used 401K [0x33f70000, 0x34b70000, 0x37f70000)
   the space 12288K,   3% used [0x33f70000, 0x33fd46f8, 0x33fd4800, 0x34b70000)
    ro space 10240K,  44% used [0x37f70000, 0x383e7808, 0x383e7a00, 0x38970000)
    rw space 12288K,  52% used [0x38970000, 0x38fbe610, 0x38fbe800, 0x39570000)
Event: 14.050 GC heap after
Heap after GC invocations=1 (full 0):
 def new generation   total 4928K, used 512K [0x23f70000, 0x244c0000, 0x294c0000)
  eden space 4416K,   0% used [0x23f70000, 0x23f70000, 0x243c0000)
  from space 512K, 100% used [0x24440000, 0x244c0000, 0x244c0000)
  to   space 512K,   0% used [0x243c0000, 0x243c0000, 0x24440000)
 tenured generation   total 10944K, used 453K [0x294c0000, 0x29f70000, 0x33f70000)
   the space 10944K,   4% used [0x294c0000, 0x295315b0, 0x29531600, 0x29f70000)
 compacting perm gen  total 12288K, used 401K [0x33f70000, 0x34b70000, 0x37f70000)
   the space 12288K,   3% used [0x33f70000, 0x33fd46f8, 0x33fd4800, 0x34b70000)
    ro space 10240K,  44% used [0x37f70000, 0x383e7808, 0x383e7a00, 0x38970000)
    rw space 12288K,  52% used [0x38970000, 0x38fbe610, 0x38fbe800, 0x39570000)
}
Event: 14.136 GC heap before
{Heap before GC invocations=1 (full 0):
 def new generation   total 4928K, used 4928K [0x23f70000, 0x244c0000, 0x294c0000)
  eden space 4416K, 100% used [0x23f70000, 0x243c0000, 0x243c0000)
  from space 512K, 100% used [0x24440000, 0x244c0000, 0x244c0000)
  to   space 512K,   0% used [0x243c0000, 0x243c0000, 0x24440000)
 tenured generation   total 10944K, used 453K [0x294c0000, 0x29f70000, 0x33f70000)
   the space 10944K,   4% used [0x294c0000, 0x295315b0, 0x29531600, 0x29f70000)
 compacting perm gen  total 12288K, used 708K [0x33f70000, 0x34b70000, 0x37f70000)
   the space 12288K,   5% used [0x33f70000, 0x34021208, 0x34021400, 0x34b70000)
    ro space 10240K,  44% used [0x37f70000, 0x383e7808, 0x383e7a00, 0x38970000)
    rw space 12288K,  52% used [0x38970000, 0x38fbe610, 0x38fbe800, 0x39570000)
Event: 14.138 GC heap after
Heap after GC invocations=2 (full 0):
 def new generation   total 4928K, used 512K [0x23f70000, 0x244c0000, 0x294c0000)
  eden space 4416K,   0% used [0x23f70000, 0x23f70000, 0x243c0000)
  from space 512K, 100% used [0x243c0000, 0x24440000, 0x24440000)
  to   space 512K,   0% used [0x24440000, 0x24440000, 0x244c0000)
 tenured generation   total 10944K, used 1055K [0x294c0000, 0x29f70000, 0x33f70000)
   the space 10944K,   9% used [0x294c0000, 0x295c7fe8, 0x295c8000, 0x29f70000)
 compacting perm gen  total 12288K, used 708K [0x33f70000, 0x34b70000, 0x37f70000)
   the space 12288K,   5% used [0x33f70000, 0x34021208, 0x34021400, 0x34b70000)
    ro space 10240K,  44% used [0x37f70000, 0x383e7808, 0x383e7a00, 0x38970000)
    rw space 12288K,  52% used [0x38970000, 0x38fbe610, 0x38fbe800, 0x39570000)
}
Event: 14.190 GC heap before
{Heap before GC invocations=2 (full 0):
 def new generation   total 4928K, used 4928K [0x23f70000, 0x244c0000, 0x294c0000)
  eden space 4416K, 100% used [0x23f70000, 0x243c0000, 0x243c0000)
  from space 512K, 100% used [0x243c0000, 0x24440000, 0x24440000)
  to   space 512K,   0% used [0x24440000, 0x24440000, 0x244c0000)
 tenured generation   total 10944K, used 1055K [0x294c0000, 0x29f70000, 0x33f70000)
   the space 10944K,   9% used [0x294c0000, 0x295c7fe8, 0x295c8000, 0x29f70000)
 compacting perm gen  total 12288K, used 708K [0x33f70000, 0x34b70000, 0x37f70000)
   the space 12288K,   5% used [0x33f70000, 0x34021238, 0x34021400, 0x34b70000)
    ro space 10240K,  44% used [0x37f70000, 0x383e7808, 0x383e7a00, 0x38970000)
    rw space 12288K,  52% used [0x38970000, 0x38fbe610, 0x38fbe800, 0x39570000)
Event: 14.191 GC heap after
Heap after GC invocations=3 (full 0):
 def new generation   total 4928K, used 57K [0x23f70000, 0x244c0000, 0x294c0000)
  eden space 4416K,   0% used [0x23f70000, 0x23f70000, 0x243c0000)
  from space 512K,  11% used [0x24440000, 0x2444e728, 0x244c0000)
  to   space 512K,   0% used [0x243c0000, 0x243c0000, 0x24440000)
 tenured generation   total 10944K, used 1223K [0x294c0000, 0x29f70000, 0x33f70000)
   the space 10944K,  11% used [0x294c0000, 0x295f1fe0, 0x295f2000, 0x29f70000)
 compacting perm gen  total 12288K, used 708K [0x33f70000, 0x34b70000, 0x37f70000)
   the space 12288K,   5% used [0x33f70000, 0x34021238, 0x34021400, 0x34b70000)
    ro space 10240K,  44% used [0x37f70000, 0x383e7808, 0x383e7a00, 0x38970000)
    rw space 12288K,  52% used [0x38970000, 0x38fbe610, 0x38fbe800, 0x39570000)
}
Event: 14.230 GC heap before
{Heap before GC invocations=3 (full 0):
 def new generation   total 4928K, used 4473K [0x23f70000, 0x244c0000, 0x294c0000)
  eden space 4416K, 100% used [0x23f70000, 0x243c0000, 0x243c0000)
  from space 512K,  11% used [0x24440000, 0x2444e728, 0x244c0000)
  to   space 512K,   0% used [0x243c0000, 0x243c0000, 0x24440000)
 tenured generation   total 10944K, used 1223K [0x294c0000, 0x29f70000, 0x33f70000)
   the space 10944K,  11% used [0x294c0000, 0x295f1fe0, 0x295f2000, 0x29f70000)
 compacting perm gen  total 12288K, used 735K [0x33f70000, 0x34b70000, 0x37f70000)
   the space 12288K,   5% used [0x33f70000, 0x34027c78, 0x34027e00, 0x34b70000)
    ro space 10240K,  44% used [0x37f70000, 0x383e7808, 0x383e7a00, 0x38970000)
    rw space 12288K,  52% used [0x38970000, 0x38fbe610, 0x38fbe800, 0x39570000)
Event: 14.231 GC heap after
Heap after GC invocations=4 (full 0):
 def new generation   total 4928K, used 23K [0x23f70000, 0x244c0000, 0x294c0000)
  eden space 4416K,   0% used [0x23f70000, 0x23f70000, 0x243c0000)
  from space 512K,   4% used [0x243c0000, 0x243c5c68, 0x24440000)
  to   space 512K,   0% used [0x24440000, 0x24440000, 0x244c0000)
 tenured generation   total 10944K, used 1223K [0x294c0000, 0x29f70000, 0x33f70000)
   the space 10944K,  11% used [0x294c0000, 0x295f1fe0, 0x295f2000, 0x29f70000)
 compacting perm gen  total 12288K, used 735K [0x33f70000, 0x34b70000, 0x37f70000)
   the space 12288K,   5% used [0x33f70000, 0x34027c78, 0x34027e00, 0x34b70000)
    ro space 10240K,  44% used [0x37f70000, 0x383e7808, 0x383e7a00, 0x38970000)
    rw space 12288K,  52% used [0x38970000, 0x38fbe610, 0x38fbe800, 0x39570000)
}

Deoptimization events (0 events):
No events

Internal exceptions (10 events):
Event: 14.070 Thread 0x00e1c400 Threw 0x2402c2b0 at C:\re\jdk7u45\229\hotspot\src\share\vm\prims\jvm.cpp:1244
Event: 14.072 Thread 0x00e1c400 Threw 0x240354c8 at C:\re\jdk7u45\229\hotspot\src\share\vm\prims\jvm.cpp:1244
Event: 14.072 Thread 0x00e1c400 Threw 0x24039348 at C:\re\jdk7u45\229\hotspot\src\share\vm\prims\jvm.cpp:1244
Event: 14.073 Thread 0x00e1c400 Threw 0x24042a18 at C:\re\jdk7u45\229\hotspot\src\share\vm\prims\jvm.cpp:1244
Event: 14.219 Thread 0x00e1c400 Threw 0x24243d30 at C:\re\jdk7u45\229\hotspot\src\share\vm\prims\jvm.cpp:1244
Event: 14.220 Thread 0x00e1c400 Threw 0x24247df8 at C:\re\jdk7u45\229\hotspot\src\share\vm\prims\jvm.cpp:1244
Event: 14.221 Thread 0x00e1c400 Threw 0x2424b4a8 at C:\re\jdk7u45\229\hotspot\src\share\vm\prims\jvm.cpp:1244
Event: 14.221 Thread 0x00e1c400 Threw 0x2424f420 at C:\re\jdk7u45\229\hotspot\src\share\vm\prims\jvm.cpp:1244
Event: 14.221 Thread 0x00e1c400 Threw 0x24251b38 at C:\re\jdk7u45\229\hotspot\src\share\vm\prims\jvm.cpp:1244
Event: 14.222 Thread 0x00e1c400 Threw 0x24257c18 at C:\re\jdk7u45\229\hotspot\src\share\vm\prims\jvm.cpp:1244

Events (10 events):
Event: 14.231 Executing VM operation: RevokeBias
Event: 14.231 Executing VM operation: RevokeBias done
Event: 14.231 Executing VM operation: RevokeBias
Event: 14.231 Executing VM operation: RevokeBias done
Event: 14.231 Executing VM operation: RevokeBias
Event: 14.231 Executing VM operation: RevokeBias done
Event: 14.231 Executing VM operation: RevokeBias
Event: 14.231 Executing VM operation: RevokeBias done
Event: 14.231 Executing VM operation: RevokeBias
Event: 14.231 Executing VM operation: RevokeBias done


Dynamic libraries:
0x011c0000 - 0x011ef000 	C:\Program Files (x86)\Java\jdk1.7.0_45\bin\javaw.exe
0x77aa0000 - 0x77c20000 	C:\Windows\SysWOW64\ntdll.dll
0x76d50000 - 0x76e60000 	C:\Windows\syswow64\kernel32.dll
0x77080000 - 0x770c7000 	C:\Windows\syswow64\KERNELBASE.dll
0x766e0000 - 0x76780000 	C:\Windows\syswow64\ADVAPI32.dll
0x754a0000 - 0x7554c000 	C:\Windows\syswow64\msvcrt.dll
0x76d30000 - 0x76d49000 	C:\Windows\SysWOW64\sechost.dll
0x76460000 - 0x76550000 	C:\Windows\syswow64\RPCRT4.dll
0x75150000 - 0x751b0000 	C:\Windows\syswow64\SspiCli.dll
0x75140000 - 0x7514c000 	C:\Windows\syswow64\CRYPTBASE.dll
0x76a40000 - 0x76b40000 	C:\Windows\syswow64\USER32.dll
0x76c60000 - 0x76cf0000 	C:\Windows\syswow64\GDI32.dll
0x75340000 - 0x7534a000 	C:\Windows\syswow64\LPK.dll
0x77120000 - 0x771bd000 	C:\Windows\syswow64\USP10.dll
0x6d130000 - 0x6d2ce000 	C:\Windows\WinSxS\x86_microsoft.windows.common-controls_6595b64144ccf1df_6.0.7601.17514_none_41e6975e2bd6f2b2\COMCTL32.dll
0x76550000 - 0x765a7000 	C:\Windows\syswow64\SHLWAPI.dll
0x75430000 - 0x75490000 	C:\Windows\system32\IMM32.DLL
0x75740000 - 0x7580c000 	C:\Windows\syswow64\MSCTF.dll
0x5bc20000 - 0x5bcdf000 	C:\Program Files (x86)\Java\jdk1.7.0_45\jre\bin\msvcr100.dll
0x6e2c0000 - 0x6e640000 	C:\Program Files (x86)\Java\jdk1.7.0_45\jre\bin\client\jvm.dll
0x5de60000 - 0x5de67000 	C:\Windows\system32\WSOCK32.dll
0x76cf0000 - 0x76d25000 	C:\Windows\syswow64\WS2_32.dll
0x75230000 - 0x75236000 	C:\Windows\syswow64\NSI.dll
0x72120000 - 0x72152000 	C:\Windows\system32\WINMM.dll
0x75240000 - 0x75245000 	C:\Windows\syswow64\PSAPI.DLL
0x56ca0000 - 0x56cac000 	C:\Program Files (x86)\Java\jdk1.7.0_45\jre\bin\verify.dll
0x55d10000 - 0x55d30000 	C:\Program Files (x86)\Java\jdk1.7.0_45\jre\bin\java.dll
0x55cf0000 - 0x55d03000 	C:\Program Files (x86)\Java\jdk1.7.0_45\jre\bin\zip.dll
0x5ba30000 - 0x5bc16000 	D:\JAVA\GRY\StarCraft AI\EradicatumXVR\EradicatumXVR-driver-x86.dll
0x10000000 - 0x1002b000 	C:\Program Files (x86)\Java\jdk1.7.0_45\bin\gmp-vc90-mt.dll
0x72a90000 - 0x72b33000 	C:\Windows\WinSxS\x86_microsoft.vc90.crt_1fc8b3b9a1e18e3b_9.0.30729.6161_none_50934f2ebcb7eb57\MSVCR90.dll
0x6b470000 - 0x6b4fe000 	C:\Windows\WinSxS\x86_microsoft.vc90.crt_1fc8b3b9a1e18e3b_9.0.30729.6161_none_50934f2ebcb7eb57\MSVCP90.dll
0x010f0000 - 0x01131000 	C:\Program Files (x86)\Java\jdk1.7.0_45\bin\mpfr-vc90-mt.dll
0x72e30000 - 0x72f1b000 	C:\Windows\system32\dbghelp.dll

VM Arguments:
jvm_args: -Dfile.encoding=UTF-8 
java_command: ai.core.XVRClient
Launcher Type: SUN_STANDARD

Environment Variables:
JAVA_HOME=C:\Program Files (x86)\Java\jdk1.7.0_45
PATH=C:/Program Files (x86)/Java/jdk1.7.0_45/bin/../jre/bin/client;C:/Program Files (x86)/Java/jdk1.7.0_45/bin/../jre/bin;C:/Program Files (x86)/Java/jdk1.7.0_45/bin/../jre/lib/i386;C:\Program Files (x86)\NVIDIA Corporation\PhysX\Common;C:\Program Files (x86)\Intel\iCLS Client\;C:\Program Files\Intel\iCLS Client\;C:\Program Files (x86)\Java\jdk1.7.0_45\bin\;D:\PROGRAMY\Python\27\;C:\maven\bin;C:\Program Files (x86)\CollabNet\Subversion Client;C:\Windows\system32;D:\PROGRAMY\wamp\bin\php\php5.5.12;C:\Windows;C:\Windows\System32\Wbem;C:\Windows\System32\WindowsPowerShell\v1.0\;C:\Program Files\TortoiseSVN\bin;I:\PROGRAMY\MongoDB\bin\;C:\Program Files\nodejs\;D:\PROGRAMY\Git\cmd;D:\PROGRAMY\NirCmd\;D:\PROGRAMY\Mercurial\;C:\ProgramData\ComposerSetup\bin;C:\maven\bin;D:\LIBRARIES\cURL\bin;C:\Windows\System32\WindowsPowerShell\v1.0\;C:\Windows\System32\WindowsPowerShell\v1.0\;D:\PROGRAMY\WinSCP\;d:\programy\wt-nmp\bin;C:\Program Files\Intel\Intel(R) Management Engine Components\DAL;C:\Program Files (x86)\Intel\Intel(R) Management Engine Components\DAL;C:\Program Files\Intel\Intel(R) Management Engine Components\IPT;C:\Program Files (x86)\Intel\Intel(R) Management Engine Components\IPT;C:\Users\Rav\AppData\Roaming\npm;D:\PROGRAMY\eclipse32;
USERNAME=Rav
OS=Windows_NT
PROCESSOR_IDENTIFIER=Intel64 Family 6 Model 60 Stepping 3, GenuineIntel



---------------  S Y S T E M  ---------------

OS: Windows 7 , 64 bit Build 7601 Service Pack 1

CPU:total 2 (2 cores per cpu, 1 threads per core) family 6 model 60 stepping 3, cmov, cx8, fxsr, mmx, sse, sse2, sse3, ssse3, sse4.1, sse4.2, popcnt, erms, tsc, tscinvbit

Memory: 4k page, physical 8339416k(4082124k free), swap 12531860k(7540064k free)

vm_info: Java HotSpot(TM) Client VM (24.45-b08) for windows-x86 JRE (1.7.0_45-b18), built on Oct  8 2013 06:02:43 by "java_re" with unknown MS VC++:1600

time: Sun Feb 01 18:31:10 2015
elapsed time: 14 seconds

