#
# A fatal error has been detected by the Java Runtime Environment:
#
#  EXCEPTION_ACCESS_VIOLATION (0xc0000005) at pc=0x523d1b25, pid=940, tid=5372
#
# JRE version: Java(TM) SE Runtime Environment (7.0_45-b18) (build 1.7.0_45-b18)
# Java VM: Java HotSpot(TM) Client VM (24.45-b08 mixed mode, sharing windows-x86 )
# Problematic frame:
# C  [EradicatumXVR-driver-x86.dll+0x1b25]
#
# Failed to write core dump. Minidumps are not enabled by default on client versions of Windows
#
# If you would like to submit a bug report, please visit:
#   http://bugreport.sun.com/bugreport/crash.jsp
# The crash happened outside the Java Virtual Machine in native code.
# See problematic frame for where to report the bug.
#

---------------  T H R E A D  ---------------

Current thread (0x023cc000):  JavaThread "main" [_thread_in_native, id=5372, stack(0x00320000,0x00370000)]

siginfo: ExceptionCode=0xc0000005, reading address 0x00000000

Registers:
EAX=0x00000000, EBX=0x074b8bf0, ECX=0x074b8bf0, EDX=0x523f2270
ESP=0x0036fb28, EBP=0x0036fb68, ESI=0x023cc130, EDI=0x074fa200
EIP=0x523d1b25, EFLAGS=0x00010202

Top of Stack: (sp=0x0036fb28)
0x0036fb28:   023cc000 33f93e50 33f93e50 0220b51c
0x0036fb38:   0220b510 0220b514 0220b520 0220b518
0x0036fb48:   074fa200 074b8be8 33f93e50 33f93e50
0x0036fb58:   023cca14 0036fba8 023da8da 003cc000
0x0036fb68:   0036fba8 023da9dd 023cc130 0036fbbc
0x0036fb78:   0036fbb8 023cca1c 023cca34 023cca34
0x0036fb88:   0036fb88 33f93e50 0036fbbc 33f9bd20
0x0036fb98:   00000000 33f93e50 00000000 0036fbb8 

Instructions: (pc=0x523d1b25)
0x523d1b05:   75 49 ff 15 b8 31 51 52 33 c0 8b 4c 24 24 3b 48
0x523d1b15:   14 75 06 ff 15 b8 31 51 52 8b cb e8 cb a2 02 00
0x523d1b25:   8b 10 6a 00 8b c8 8b 42 04 6a 00 ff d0 8b 4c 24
0x523d1b35:   14 8b 15 8c 6e 59 52 50 6a 10 51 52 8b c6 e8 58 


Register to memory mapping:

EAX=0x00000000 is an unknown value
EBX=0x074b8bf0 is an unknown value
ECX=0x074b8bf0 is an unknown value
EDX=0x523f2270 is an unknown value
ESP=0x0036fb28 is pointing into the stack for thread: 0x023cc000
EBP=0x0036fb68 is pointing into the stack for thread: 0x023cc000
ESI=0x023cc130 is an unknown value
EDI=0x074fa200 is an unknown value


Stack: [0x00320000,0x00370000],  sp=0x0036fb28,  free space=318k
Native frames: (J=compiled Java code, j=interpreted, Vv=VM code, C=native code)
C  [EradicatumXVR-driver-x86.dll+0x1b25]
j  jnibwapi.JNIBWAPI.startClient(Ljnibwapi/JNIBWAPI;)V+0
j  jnibwapi.JNIBWAPI.start()V+2
j  ai.core.XVRClient.<init>()V+62
j  ai.core.XVRClient.main([Ljava/lang/String;)V+3
v  ~StubRoutines::call_stub
V  [jvm.dll+0x13f1fa]
V  [jvm.dll+0x202aee]
V  [jvm.dll+0x13f27d]
V  [jvm.dll+0xc9945]
V  [jvm.dll+0xd45e7]
C  [javaw.exe+0x2070]
C  [javaw.exe+0xa5b1]
C  [javaw.exe+0xa63b]
C  [kernel32.dll+0x1338a]
C  [ntdll.dll+0x39f72]
C  [ntdll.dll+0x39f45]

Java frames: (J=compiled Java code, j=interpreted, Vv=VM code)
j  jnibwapi.JNIBWAPI.startClient(Ljnibwapi/JNIBWAPI;)V+0
j  jnibwapi.JNIBWAPI.start()V+2
j  ai.core.XVRClient.<init>()V+62
j  ai.core.XVRClient.main([Ljava/lang/String;)V+3
v  ~StubRoutines::call_stub

---------------  P R O C E S S  ---------------

Java Threads: ( => current thread )
  0x02288400 JavaThread "Service Thread" daemon [_thread_blocked, id=3292, stack(0x044b0000,0x04500000)]
  0x02283c00 JavaThread "C1 CompilerThread0" daemon [_thread_blocked, id=4572, stack(0x049e0000,0x04a30000)]
  0x02282800 JavaThread "Attach Listener" daemon [_thread_blocked, id=5976, stack(0x04700000,0x04750000)]
  0x0227f400 JavaThread "Signal Dispatcher" daemon [_thread_blocked, id=5676, stack(0x04600000,0x04650000)]
  0x02212800 JavaThread "Finalizer" daemon [_thread_blocked, id=5192, stack(0x043f0000,0x04440000)]
  0x02211000 JavaThread "Reference Handler" daemon [_thread_blocked, id=3400, stack(0x02360000,0x023b0000)]
=>0x023cc000 JavaThread "main" [_thread_in_native, id=5372, stack(0x00320000,0x00370000)]

Other Threads:
  0x0220ec00 VMThread [stack: 0x04590000,0x045e0000] [id=4296]
  0x022acc00 WatcherThread [stack: 0x04950000,0x049a0000] [id=3396]

VM state:not at safepoint (normal execution)

VM Mutex/Monitor currently owned by a thread: None

Heap
 def new generation   total 4928K, used 1645K [0x23f70000, 0x244c0000, 0x294c0000)
  eden space 4416K,  25% used [0x23f70000, 0x2408b5a8, 0x243c0000)
  from space 512K, 100% used [0x24440000, 0x244c0000, 0x244c0000)
  to   space 512K,   0% used [0x243c0000, 0x243c0000, 0x24440000)
 tenured generation   total 10944K, used 401K [0x294c0000, 0x29f70000, 0x33f70000)
   the space 10944K,   3% used [0x294c0000, 0x295247c8, 0x29524800, 0x29f70000)
 compacting perm gen  total 12288K, used 805K [0x33f70000, 0x34b70000, 0x37f70000)
   the space 12288K,   6% used [0x33f70000, 0x340397e8, 0x34039800, 0x34b70000)
    ro space 10240K,  44% used [0x37f70000, 0x383e7808, 0x383e7a00, 0x38970000)
    rw space 12288K,  52% used [0x38970000, 0x38fbe610, 0x38fbe800, 0x39570000)

Card table byte_map: [0x00480000,0x00530000] byte_map_base: 0x00360480

Polling page: 0x001b0000

Code Cache  [0x023d0000, 0x02488000, 0x043d0000)
 total_blobs=220 nmethods=78 adapters=79 free_code_cache=32056Kb largest_free_block=32825408

Compilation events (10 events):
Event: 17.326 Thread 0x02283c00   74             jnibwapi.model.Unit::getTypeID (5 bytes)
Event: 17.326 Thread 0x02283c00 nmethod 74 0x02480c88 code [0x02480d80, 0x02480e00]
Event: 17.331 Thread 0x02283c00   75             java.lang.String::getChars (62 bytes)
Event: 17.331 Thread 0x02283c00 nmethod 75 0x02480e48 code [0x02480f80, 0x02481210]
Event: 17.339 Thread 0x02283c00   76             java.util.HashMap::createEntry (39 bytes)
Event: 17.339 Thread 0x02283c00 nmethod 76 0x02481408 code [0x02481510, 0x024816d0]
Event: 17.339 Thread 0x02283c00   77             java.util.HashMap::getEntry (86 bytes)
Event: 17.339 Thread 0x02283c00 nmethod 77 0x02481848 code [0x02481970, 0x02481af8]
Event: 65.678 Thread 0x02283c00   78             java.lang.AbstractStringBuilder::append (48 bytes)
Event: 65.678 Thread 0x02283c00 nmethod 78 0x02481c48 code [0x02481d60, 0x02481e88]

GC Heap History (2 events):
Event: 17.291 GC heap before
{Heap before GC invocations=0 (full 0):
 def new generation   total 4928K, used 4416K [0x23f70000, 0x244c0000, 0x294c0000)
  eden space 4416K, 100% used [0x23f70000, 0x243c0000, 0x243c0000)
  from space 512K,   0% used [0x243c0000, 0x243c0000, 0x24440000)
  to   space 512K,   0% used [0x24440000, 0x24440000, 0x244c0000)
 tenured generation   total 10944K, used 0K [0x294c0000, 0x29f70000, 0x33f70000)
   the space 10944K,   0% used [0x294c0000, 0x294c0000, 0x294c0200, 0x29f70000)
 compacting perm gen  total 12288K, used 463K [0x33f70000, 0x34b70000, 0x37f70000)
   the space 12288K,   3% used [0x33f70000, 0x33fe3c68, 0x33fe3e00, 0x34b70000)
    ro space 10240K,  44% used [0x37f70000, 0x383e7808, 0x383e7a00, 0x38970000)
    rw space 12288K,  52% used [0x38970000, 0x38fbe610, 0x38fbe800, 0x39570000)
Event: 17.295 GC heap after
Heap after GC invocations=1 (full 0):
 def new generation   total 4928K, used 512K [0x23f70000, 0x244c0000, 0x294c0000)
  eden space 4416K,   0% used [0x23f70000, 0x23f70000, 0x243c0000)
  from space 512K, 100% used [0x24440000, 0x244c0000, 0x244c0000)
  to   space 512K,   0% used [0x243c0000, 0x243c0000, 0x24440000)
 tenured generation   total 10944K, used 401K [0x294c0000, 0x29f70000, 0x33f70000)
   the space 10944K,   3% used [0x294c0000, 0x295247c8, 0x29524800, 0x29f70000)
 compacting perm gen  total 12288K, used 463K [0x33f70000, 0x34b70000, 0x37f70000)
   the space 12288K,   3% used [0x33f70000, 0x33fe3c68, 0x33fe3e00, 0x34b70000)
    ro space 10240K,  44% used [0x37f70000, 0x383e7808, 0x383e7a00, 0x38970000)
    rw space 12288K,  52% used [0x38970000, 0x38fbe610, 0x38fbe800, 0x39570000)
}

Deoptimization events (0 events):
No events

Internal exceptions (10 events):
Event: 17.329 Thread 0x023cc000 Threw 0x24054660 at C:\re\jdk7u45\229\hotspot\src\share\vm\prims\jvm.cpp:1244
Event: 17.330 Thread 0x023cc000 Threw 0x24057700 at C:\re\jdk7u45\229\hotspot\src\share\vm\prims\jvm.cpp:1244
Event: 17.330 Thread 0x023cc000 Threw 0x24059448 at C:\re\jdk7u45\229\hotspot\src\share\vm\prims\jvm.cpp:1244
Event: 17.330 Thread 0x023cc000 Threw 0x2405ce20 at C:\re\jdk7u45\229\hotspot\src\share\vm\prims\jvm.cpp:1244
Event: 17.331 Thread 0x023cc000 Threw 0x2405e9c8 at C:\re\jdk7u45\229\hotspot\src\share\vm\prims\jvm.cpp:1244
Event: 17.331 Thread 0x023cc000 Threw 0x24060830 at C:\re\jdk7u45\229\hotspot\src\share\vm\prims\jvm.cpp:1244
Event: 17.332 Thread 0x023cc000 Threw 0x240627a0 at C:\re\jdk7u45\229\hotspot\src\share\vm\prims\jvm.cpp:1244
Event: 17.332 Thread 0x023cc000 Threw 0x24065b60 at C:\re\jdk7u45\229\hotspot\src\share\vm\prims\jvm.cpp:1244
Event: 17.332 Thread 0x023cc000 Threw 0x24067b70 at C:\re\jdk7u45\229\hotspot\src\share\vm\prims\jvm.cpp:1244
Event: 17.333 Thread 0x023cc000 Threw 0x2406b3b0 at C:\re\jdk7u45\229\hotspot\src\share\vm\prims\jvm.cpp:1244

Events (10 events):
Event: 17.331 loading class 0x07bb28f8
Event: 17.331 loading class 0x07bb28f8 done
Event: 17.332 loading class 0x022b6330
Event: 17.332 loading class 0x022b6330 done
Event: 17.332 loading class 0x07ba6f78
Event: 17.332 loading class 0x07ba6f78 done
Event: 17.332 loading class 0x07bac9c0
Event: 17.332 loading class 0x07bac9c0 done
Event: 17.333 loading class 0x07ba7038
Event: 17.333 loading class 0x07ba7038 done


Dynamic libraries:
0x00060000 - 0x0008f000 	C:\Program Files (x86)\Java\jdk1.7.0_45\bin\javaw.exe
0x77720000 - 0x778a0000 	C:\Windows\SysWOW64\ntdll.dll
0x76630000 - 0x76740000 	C:\Windows\syswow64\kernel32.dll
0x76560000 - 0x765a7000 	C:\Windows\syswow64\KERNELBASE.dll
0x756b0000 - 0x75750000 	C:\Windows\syswow64\ADVAPI32.dll
0x76830000 - 0x768dc000 	C:\Windows\syswow64\msvcrt.dll
0x75290000 - 0x752a9000 	C:\Windows\SysWOW64\sechost.dll
0x76740000 - 0x76830000 	C:\Windows\syswow64\RPCRT4.dll
0x74dd0000 - 0x74e30000 	C:\Windows\syswow64\SspiCli.dll
0x74dc0000 - 0x74dcc000 	C:\Windows\syswow64\CRYPTBASE.dll
0x752c0000 - 0x753c0000 	C:\Windows\syswow64\USER32.dll
0x76b10000 - 0x76ba0000 	C:\Windows\syswow64\GDI32.dll
0x753c0000 - 0x753ca000 	C:\Windows\syswow64\LPK.dll
0x75610000 - 0x756ad000 	C:\Windows\syswow64\USP10.dll
0x716a0000 - 0x7183e000 	C:\Windows\WinSxS\x86_microsoft.windows.common-controls_6595b64144ccf1df_6.0.7601.17514_none_41e6975e2bd6f2b2\COMCTL32.dll
0x751a0000 - 0x751f7000 	C:\Windows\syswow64\SHLWAPI.dll
0x75230000 - 0x75290000 	C:\Windows\system32\IMM32.DLL
0x750c0000 - 0x7518c000 	C:\Windows\syswow64\MSCTF.dll
0x54840000 - 0x548ff000 	C:\Program Files (x86)\Java\jdk1.7.0_45\jre\bin\msvcr100.dll
0x53880000 - 0x53c00000 	C:\Program Files (x86)\Java\jdk1.7.0_45\jre\bin\client\jvm.dll
0x6fee0000 - 0x6fee7000 	C:\Windows\system32\WSOCK32.dll
0x74e30000 - 0x74e65000 	C:\Windows\syswow64\WS2_32.dll
0x75190000 - 0x75196000 	C:\Windows\syswow64\NSI.dll
0x71940000 - 0x71972000 	C:\Windows\system32\WINMM.dll
0x776f0000 - 0x776f5000 	C:\Windows\syswow64\PSAPI.DLL
0x54bb0000 - 0x54bbc000 	C:\Program Files (x86)\Java\jdk1.7.0_45\jre\bin\verify.dll
0x54b90000 - 0x54bb0000 	C:\Program Files (x86)\Java\jdk1.7.0_45\jre\bin\java.dll
0x54b70000 - 0x54b83000 	C:\Program Files (x86)\Java\jdk1.7.0_45\jre\bin\zip.dll
0x523d0000 - 0x525b6000 	D:\JAVA\GRY\StarCraft AI\EradicatumXVR\EradicatumXVR-driver-x86.dll
0x10000000 - 0x1002b000 	C:\Program Files (x86)\Java\jdk1.7.0_45\bin\gmp-vc90-mt.dll
0x725f0000 - 0x72693000 	C:\Windows\WinSxS\x86_microsoft.vc90.crt_1fc8b3b9a1e18e3b_9.0.30729.6161_none_50934f2ebcb7eb57\MSVCR90.dll
0x718b0000 - 0x7193e000 	C:\Windows\WinSxS\x86_microsoft.vc90.crt_1fc8b3b9a1e18e3b_9.0.30729.6161_none_50934f2ebcb7eb57\MSVCP90.dll
0x047c0000 - 0x04801000 	C:\Program Files (x86)\Java\jdk1.7.0_45\bin\mpfr-vc90-mt.dll
0x72c40000 - 0x72d2b000 	C:\Windows\system32\dbghelp.dll

VM Arguments:
jvm_args: -Dfile.encoding=UTF-8 
java_command: ai.core.XVRClient
Launcher Type: SUN_STANDARD

Environment Variables:
JAVA_HOME=C:\Program Files (x86)\Java\jdk1.7.0_45
PATH=C:/Program Files (x86)/Java/jdk1.7.0_45/bin/../jre/bin/client;C:/Program Files (x86)/Java/jdk1.7.0_45/bin/../jre/bin;C:/Program Files (x86)/Java/jdk1.7.0_45/bin/../jre/lib/i386;C:\Program Files (x86)\Java\jdk1.7.0_45\bin\;D:\PROGRAMY\Python\27\;C:\maven\bin;C:\Program Files (x86)\CollabNet\Subversion Client;C:\Windows\system32;D:\PROGRAMY\wamp\bin\php\php5.5.12;C:\Windows;C:\Windows\System32\Wbem;C:\Windows\System32\WindowsPowerShell\v1.0\;C:\Program Files\TortoiseSVN\bin;D:\PROGRAMY\MiKTeX 2.9\miktex\bin\;C:\mongodb\;C:\Program Files\nodejs\;D:\PROGRAMY\Git\cmd;D:\PROGRAMY\NirCmd\;D:\PROGRAMY\Mercurial\;C:\ProgramData\ComposerSetup\bin;C:\maven\bin;D:\LIBRARIES\cURL\bin;C:\Windows\System32\WindowsPowerShell\v1.0\;C:\Windows\System32\WindowsPowerShell\v1.0\;D:\PROGRAMY\WinSCP\;d:\programy\wt-nmp\bin;C:\Users\Rav\AppData\Roaming\npm;D:\PROGRAMY\eclipse32;
USERNAME=Rav
OS=Windows_NT
PROCESSOR_IDENTIFIER=Intel64 Family 6 Model 23 Stepping 10, GenuineIntel



---------------  S Y S T E M  ---------------

OS: Windows 7 , 64 bit Build 7601 Service Pack 1

CPU:total 2 (2 cores per cpu, 1 threads per core) family 6 model 23 stepping 10, cmov, cx8, fxsr, mmx, sse, sse2, sse3, ssse3, sse4.1, tsc

Memory: 4k page, physical 8387672k(2565976k free), swap 12580112k(5809280k free)

vm_info: Java HotSpot(TM) Client VM (24.45-b08) for windows-x86 JRE (1.7.0_45-b18), built on Oct  8 2013 06:02:43 by "java_re" with unknown MS VC++:1600

time: Fri Dec 26 00:14:55 2014
elapsed time: 65 seconds

