#
# A fatal error has been detected by the Java Runtime Environment:
#
#  EXCEPTION_ACCESS_VIOLATION (0xc0000005) at pc=0x0f311b25, pid=6008, tid=5780
#
# JRE version: Java(TM) SE Runtime Environment (7.0_45-b18) (build 1.7.0_45-b18)
# Java VM: Java HotSpot(TM) Client VM (24.45-b08 mixed mode, sharing windows-x86 )
# Problematic frame:
# C  [EradicatumXVR-driver-x86.dll+0x1b25]
#
# Failed to write core dump. Minidumps are not enabled by default on client versions of Windows
#
# If you would like to submit a bug report, please visit:
#   http://bugreport.sun.com/bugreport/crash.jsp
# The crash happened outside the Java Virtual Machine in native code.
# See problematic frame for where to report the bug.
#

---------------  T H R E A D  ---------------

Current thread (0x00bec400):  JavaThread "main" [_thread_in_native, id=5780, stack(0x00a80000,0x00ad0000)]

siginfo: ExceptionCode=0xc0000005, reading address 0x00000000

Registers:
EAX=0x00000000, EBX=0x075bc978, ECX=0x075bc978, EDX=0x0f332270
ESP=0x00acfbc8, EBP=0x00acfc08, ESI=0x00bec530, EDI=0x0757a200
EIP=0x0f311b25, EFLAGS=0x00010216

Top of Stack: (sp=0x00acfbc8)
0x00acfbc8:   00bec400 33f93e28 33f93e28 023db864
0x00acfbd8:   023db858 023db85c 023db868 023db860
0x00acfbe8:   0757a200 075bc970 33f93e28 33f93e28
0x00acfbf8:   00becaac 00acfc48 024ba8da 00bec400
0x00acfc08:   00acfc48 024ba9dd 00bec530 00acfc5c
0x00acfc18:   00acfc58 00becab4 00becacc 00becacc
0x00acfc28:   00acfc28 33f93e28 00acfc5c 33f9bcf8
0x00acfc38:   00000000 33f93e28 00000000 00acfc58 

Instructions: (pc=0x0f311b25)
0x0f311b05:   75 49 ff 15 b8 31 45 0f 33 c0 8b 4c 24 24 3b 48
0x0f311b15:   14 75 06 ff 15 b8 31 45 0f 8b cb e8 cb a2 02 00
0x0f311b25:   8b 10 6a 00 8b c8 8b 42 04 6a 00 ff d0 8b 4c 24
0x0f311b35:   14 8b 15 8c 6e 4d 0f 50 6a 10 51 52 8b c6 e8 58 


Register to memory mapping:

EAX=0x00000000 is an unknown value
EBX=0x075bc978 is an unknown value
ECX=0x075bc978 is an unknown value
EDX=0x0f332270 is an unknown value
ESP=0x00acfbc8 is pointing into the stack for thread: 0x00bec400
EBP=0x00acfc08 is pointing into the stack for thread: 0x00bec400
ESI=0x00bec530 is an unknown value
EDI=0x0757a200 is an unknown value


Stack: [0x00a80000,0x00ad0000],  sp=0x00acfbc8,  free space=318k
Native frames: (J=compiled Java code, j=interpreted, Vv=VM code, C=native code)
C  [EradicatumXVR-driver-x86.dll+0x1b25]
j  jnibwapi.JNIBWAPI.startClient(Ljnibwapi/JNIBWAPI;)V+0
j  jnibwapi.JNIBWAPI.start()V+2
j  ai.core.XVRClient.<init>()V+62
j  ai.core.XVRClient.main([Ljava/lang/String;)V+3
v  ~StubRoutines::call_stub
V  [jvm.dll+0x13f1fa]
V  [jvm.dll+0x202aee]
V  [jvm.dll+0x13f27d]
V  [jvm.dll+0xc9945]
V  [jvm.dll+0xd45e7]
C  [javaw.exe+0x2070]
C  [javaw.exe+0xa5b1]
C  [javaw.exe+0xa63b]
C  [kernel32.dll+0x1338a]
C  [ntdll.dll+0x39f72]
C  [ntdll.dll+0x39f45]

Java frames: (J=compiled Java code, j=interpreted, Vv=VM code)
j  jnibwapi.JNIBWAPI.startClient(Ljnibwapi/JNIBWAPI;)V+0
j  jnibwapi.JNIBWAPI.start()V+2
j  ai.core.XVRClient.<init>()V+62
j  ai.core.XVRClient.main([Ljava/lang/String;)V+3
v  ~StubRoutines::call_stub

---------------  P R O C E S S  ---------------

Java Threads: ( => current thread )
  0x0245f400 JavaThread "Service Thread" daemon [_thread_blocked, id=6928, stack(0x04ae0000,0x04b30000)]
  0x02455000 JavaThread "C1 CompilerThread0" daemon [_thread_blocked, id=5300, stack(0x04a30000,0x04a80000)]
  0x02454000 JavaThread "Attach Listener" daemon [_thread_blocked, id=7332, stack(0x04920000,0x04970000)]
  0x02451000 JavaThread "Signal Dispatcher" daemon [_thread_blocked, id=6504, stack(0x048d0000,0x04920000)]
  0x023e2800 JavaThread "Finalizer" daemon [_thread_blocked, id=3988, stack(0x04800000,0x04850000)]
  0x023e1400 JavaThread "Reference Handler" daemon [_thread_blocked, id=6216, stack(0x00b50000,0x00ba0000)]
=>0x00bec400 JavaThread "main" [_thread_in_native, id=5780, stack(0x00a80000,0x00ad0000)]

Other Threads:
  0x023df000 VMThread [stack: 0x045e0000,0x04630000] [id=6476]
  0x0247b000 WatcherThread [stack: 0x046e0000,0x04730000] [id=7628]

VM state:not at safepoint (normal execution)

VM Mutex/Monitor currently owned by a thread: None

Heap
 def new generation   total 4928K, used 1815K [0x23f70000, 0x244c0000, 0x294c0000)
  eden space 4416K,  41% used [0x23f70000, 0x24134c48, 0x243c0000)
  from space 512K,   0% used [0x243c0000, 0x243c11c8, 0x24440000)
  to   space 512K,   0% used [0x24440000, 0x24440000, 0x244c0000)
 tenured generation   total 10944K, used 1916K [0x294c0000, 0x29f70000, 0x33f70000)
   the space 10944K,  17% used [0x294c0000, 0x2969f3d8, 0x2969f400, 0x29f70000)
 compacting perm gen  total 12288K, used 962K [0x33f70000, 0x34b70000, 0x37f70000)
   the space 12288K,   7% used [0x33f70000, 0x34060800, 0x34060800, 0x34b70000)
    ro space 10240K,  44% used [0x37f70000, 0x383e7808, 0x383e7a00, 0x38970000)
    rw space 12288K,  52% used [0x38970000, 0x38fbe610, 0x38fbe800, 0x39570000)

Card table byte_map: [0x044b0000,0x04560000] byte_map_base: 0x04390480

Polling page: 0x00130000

Code Cache  [0x024b0000, 0x02680000, 0x044b0000)
 total_blobs=928 nmethods=785 adapters=79 free_code_cache=30916Kb largest_free_block=31658752

Compilation events (10 events):
Event: 196.728 Thread 0x02455000  781             ai.terran.TerranSiegeTank::getFrontTank (4 bytes)
Event: 196.728 Thread 0x02455000 nmethod 781 0x0267bc88 code [0x0267bd80, 0x0267bdf0]
Event: 201.521 Thread 0x02455000  782             ai.managers.units.coordination.ArmyRendezvousManager::getRendezvousTankForGroundUnits (4 bytes)
Event: 201.522 Thread 0x02455000 nmethod 782 0x0267be48 code [0x0267bf40, 0x0267bfb0]
Event: 202.060 Thread 0x02455000  783             java.util.ComparableTimSort::mergeLo (652 bytes)
Event: 202.060 Thread 0x02455000 nmethod 783 0x0267c008 code [0x0267c240, 0x0267d510]
Event: 211.433 Thread 0x02455000  784             ai.managers.units.coordination.FrontLineManager::actionUnitTooFarBehindTheFrontLine (34 bytes)
Event: 211.434 Thread 0x02455000 nmethod 784 0x0267e188 code [0x0267e2a0, 0x0267e3c8]
Event: 211.434 Thread 0x02455000  785             ai.managers.units.coordination.FrontLineManager::actionKeepTheLine (61 bytes)
Event: 211.434 Thread 0x02455000 nmethod 785 0x0267e548 code [0x0267e6e0, 0x0267e948]

GC Heap History (10 events):
Event: 226.174 GC heap before
{Heap before GC invocations=2721 (full 0):
 def new generation   total 4928K, used 4383K [0x23f70000, 0x244c0000, 0x294c0000)
  eden space 4416K,  99% used [0x23f70000, 0x243b6c60, 0x243c0000)
  from space 512K,   0% used [0x24440000, 0x24441190, 0x244c0000)
  to   space 512K,   0% used [0x243c0000, 0x243c0000, 0x24440000)
 tenured generation   total 10944K, used 1916K [0x294c0000, 0x29f70000, 0x33f70000)
   the space 10944K,  17% used [0x294c0000, 0x2969f3d8, 0x2969f400, 0x29f70000)
 compacting perm gen  total 12288K, used 962K [0x33f70000, 0x34b70000, 0x37f70000)
   the space 12288K,   7% used [0x33f70000, 0x34060800, 0x34060800, 0x34b70000)
    ro space 10240K,  44% used [0x37f70000, 0x383e7808, 0x383e7a00, 0x38970000)
    rw space 12288K,  52% used [0x38970000, 0x38fbe610, 0x38fbe800, 0x39570000)
Event: 226.174 GC heap after
Heap after GC invocations=2722 (full 0):
 def new generation   total 4928K, used 4K [0x23f70000, 0x244c0000, 0x294c0000)
  eden space 4416K,   0% used [0x23f70000, 0x23f70000, 0x243c0000)
  from space 512K,   0% used [0x243c0000, 0x243c1190, 0x24440000)
  to   space 512K,   0% used [0x24440000, 0x24440000, 0x244c0000)
 tenured generation   total 10944K, used 1916K [0x294c0000, 0x29f70000, 0x33f70000)
   the space 10944K,  17% used [0x294c0000, 0x2969f3d8, 0x2969f400, 0x29f70000)
 compacting perm gen  total 12288K, used 962K [0x33f70000, 0x34b70000, 0x37f70000)
   the space 12288K,   7% used [0x33f70000, 0x34060800, 0x34060800, 0x34b70000)
    ro space 10240K,  44% used [0x37f70000, 0x383e7808, 0x383e7a00, 0x38970000)
    rw space 12288K,  52% used [0x38970000, 0x38fbe610, 0x38fbe800, 0x39570000)
}
Event: 226.378 GC heap before
{Heap before GC invocations=2722 (full 0):
 def new generation   total 4928K, used 4330K [0x23f70000, 0x244c0000, 0x294c0000)
  eden space 4416K,  97% used [0x23f70000, 0x243a9688, 0x243c0000)
  from space 512K,   0% used [0x243c0000, 0x243c1190, 0x24440000)
  to   space 512K,   0% used [0x24440000, 0x24440000, 0x244c0000)
 tenured generation   total 10944K, used 1916K [0x294c0000, 0x29f70000, 0x33f70000)
   the space 10944K,  17% used [0x294c0000, 0x2969f3d8, 0x2969f400, 0x29f70000)
 compacting perm gen  total 12288K, used 962K [0x33f70000, 0x34b70000, 0x37f70000)
   the space 12288K,   7% used [0x33f70000, 0x34060800, 0x34060800, 0x34b70000)
    ro space 10240K,  44% used [0x37f70000, 0x383e7808, 0x383e7a00, 0x38970000)
    rw space 12288K,  52% used [0x38970000, 0x38fbe610, 0x38fbe800, 0x39570000)
Event: 226.378 GC heap after
Heap after GC invocations=2723 (full 0):
 def new generation   total 4928K, used 4K [0x23f70000, 0x244c0000, 0x294c0000)
  eden space 4416K,   0% used [0x23f70000, 0x23f70000, 0x243c0000)
  from space 512K,   0% used [0x24440000, 0x24441190, 0x244c0000)
  to   space 512K,   0% used [0x243c0000, 0x243c0000, 0x24440000)
 tenured generation   total 10944K, used 1916K [0x294c0000, 0x29f70000, 0x33f70000)
   the space 10944K,  17% used [0x294c0000, 0x2969f3d8, 0x2969f400, 0x29f70000)
 compacting perm gen  total 12288K, used 962K [0x33f70000, 0x34b70000, 0x37f70000)
   the space 12288K,   7% used [0x33f70000, 0x34060800, 0x34060800, 0x34b70000)
    ro space 10240K,  44% used [0x37f70000, 0x383e7808, 0x383e7a00, 0x38970000)
    rw space 12288K,  52% used [0x38970000, 0x38fbe610, 0x38fbe800, 0x39570000)
}
Event: 226.580 GC heap before
{Heap before GC invocations=2723 (full 0):
 def new generation   total 4928K, used 4420K [0x23f70000, 0x244c0000, 0x294c0000)
  eden space 4416K, 100% used [0x23f70000, 0x243c0000, 0x243c0000)
  from space 512K,   0% used [0x24440000, 0x24441190, 0x244c0000)
  to   space 512K,   0% used [0x243c0000, 0x243c0000, 0x24440000)
 tenured generation   total 10944K, used 1916K [0x294c0000, 0x29f70000, 0x33f70000)
   the space 10944K,  17% used [0x294c0000, 0x2969f3d8, 0x2969f400, 0x29f70000)
 compacting perm gen  total 12288K, used 962K [0x33f70000, 0x34b70000, 0x37f70000)
   the space 12288K,   7% used [0x33f70000, 0x34060800, 0x34060800, 0x34b70000)
    ro space 10240K,  44% used [0x37f70000, 0x383e7808, 0x383e7a00, 0x38970000)
    rw space 12288K,  52% used [0x38970000, 0x38fbe610, 0x38fbe800, 0x39570000)
Event: 226.580 GC heap after
Heap after GC invocations=2724 (full 0):
 def new generation   total 4928K, used 4K [0x23f70000, 0x244c0000, 0x294c0000)
  eden space 4416K,   0% used [0x23f70000, 0x23f70000, 0x243c0000)
  from space 512K,   0% used [0x243c0000, 0x243c11a0, 0x24440000)
  to   space 512K,   0% used [0x24440000, 0x24440000, 0x244c0000)
 tenured generation   total 10944K, used 1916K [0x294c0000, 0x29f70000, 0x33f70000)
   the space 10944K,  17% used [0x294c0000, 0x2969f3d8, 0x2969f400, 0x29f70000)
 compacting perm gen  total 12288K, used 962K [0x33f70000, 0x34b70000, 0x37f70000)
   the space 12288K,   7% used [0x33f70000, 0x34060800, 0x34060800, 0x34b70000)
    ro space 10240K,  44% used [0x37f70000, 0x383e7808, 0x383e7a00, 0x38970000)
    rw space 12288K,  52% used [0x38970000, 0x38fbe610, 0x38fbe800, 0x39570000)
}
Event: 226.799 GC heap before
{Heap before GC invocations=2724 (full 0):
 def new generation   total 4928K, used 4411K [0x23f70000, 0x244c0000, 0x294c0000)
  eden space 4416K,  99% used [0x23f70000, 0x243bdab0, 0x243c0000)
  from space 512K,   0% used [0x243c0000, 0x243c11a0, 0x24440000)
  to   space 512K,   0% used [0x24440000, 0x24440000, 0x244c0000)
 tenured generation   total 10944K, used 1916K [0x294c0000, 0x29f70000, 0x33f70000)
   the space 10944K,  17% used [0x294c0000, 0x2969f3d8, 0x2969f400, 0x29f70000)
 compacting perm gen  total 12288K, used 962K [0x33f70000, 0x34b70000, 0x37f70000)
   the space 12288K,   7% used [0x33f70000, 0x34060800, 0x34060800, 0x34b70000)
    ro space 10240K,  44% used [0x37f70000, 0x383e7808, 0x383e7a00, 0x38970000)
    rw space 12288K,  52% used [0x38970000, 0x38fbe610, 0x38fbe800, 0x39570000)
Event: 226.799 GC heap after
Heap after GC invocations=2725 (full 0):
 def new generation   total 4928K, used 4K [0x23f70000, 0x244c0000, 0x294c0000)
  eden space 4416K,   0% used [0x23f70000, 0x23f70000, 0x243c0000)
  from space 512K,   0% used [0x24440000, 0x24441190, 0x244c0000)
  to   space 512K,   0% used [0x243c0000, 0x243c0000, 0x24440000)
 tenured generation   total 10944K, used 1916K [0x294c0000, 0x29f70000, 0x33f70000)
   the space 10944K,  17% used [0x294c0000, 0x2969f3d8, 0x2969f400, 0x29f70000)
 compacting perm gen  total 12288K, used 962K [0x33f70000, 0x34b70000, 0x37f70000)
   the space 12288K,   7% used [0x33f70000, 0x34060800, 0x34060800, 0x34b70000)
    ro space 10240K,  44% used [0x37f70000, 0x383e7808, 0x383e7a00, 0x38970000)
    rw space 12288K,  52% used [0x38970000, 0x38fbe610, 0x38fbe800, 0x39570000)
}
Event: 227.001 GC heap before
{Heap before GC invocations=2725 (full 0):
 def new generation   total 4928K, used 4420K [0x23f70000, 0x244c0000, 0x294c0000)
  eden space 4416K, 100% used [0x23f70000, 0x243c0000, 0x243c0000)
  from space 512K,   0% used [0x24440000, 0x24441190, 0x244c0000)
  to   space 512K,   0% used [0x243c0000, 0x243c0000, 0x24440000)
 tenured generation   total 10944K, used 1916K [0x294c0000, 0x29f70000, 0x33f70000)
   the space 10944K,  17% used [0x294c0000, 0x2969f3d8, 0x2969f400, 0x29f70000)
 compacting perm gen  total 12288K, used 962K [0x33f70000, 0x34b70000, 0x37f70000)
   the space 12288K,   7% used [0x33f70000, 0x34060800, 0x34060800, 0x34b70000)
    ro space 10240K,  44% used [0x37f70000, 0x383e7808, 0x383e7a00, 0x38970000)
    rw space 12288K,  52% used [0x38970000, 0x38fbe610, 0x38fbe800, 0x39570000)
Event: 227.002 GC heap after
Heap after GC invocations=2726 (full 0):
 def new generation   total 4928K, used 4K [0x23f70000, 0x244c0000, 0x294c0000)
  eden space 4416K,   0% used [0x23f70000, 0x23f70000, 0x243c0000)
  from space 512K,   0% used [0x243c0000, 0x243c11c8, 0x24440000)
  to   space 512K,   0% used [0x24440000, 0x24440000, 0x244c0000)
 tenured generation   total 10944K, used 1916K [0x294c0000, 0x29f70000, 0x33f70000)
   the space 10944K,  17% used [0x294c0000, 0x2969f3d8, 0x2969f400, 0x29f70000)
 compacting perm gen  total 12288K, used 962K [0x33f70000, 0x34b70000, 0x37f70000)
   the space 12288K,   7% used [0x33f70000, 0x34060800, 0x34060800, 0x34b70000)
    ro space 10240K,  44% used [0x37f70000, 0x383e7808, 0x383e7a00, 0x38970000)
    rw space 12288K,  52% used [0x38970000, 0x38fbe610, 0x38fbe800, 0x39570000)
}

Deoptimization events (0 events):
No events

Internal exceptions (10 events):
Event: 23.599 Thread 0x00bec400 Threw 0x241a9ba0 at C:\re\jdk7u45\229\hotspot\src\share\vm\prims\jvm.cpp:1244
Event: 23.599 Thread 0x00bec400 Threw 0x241ab230 at C:\re\jdk7u45\229\hotspot\src\share\vm\prims\jvm.cpp:1244
Event: 23.600 Thread 0x00bec400 Threw 0x241aeeb0 at C:\re\jdk7u45\229\hotspot\src\share\vm\prims\jvm.cpp:1244
Event: 27.070 Thread 0x00bec400 Threw 0x2424b4e8 at C:\re\jdk7u45\229\hotspot\src\share\vm\prims\jvm.cpp:1244
Event: 27.560 Thread 0x00bec400 Threw 0x241ea1f0 at C:\re\jdk7u45\229\hotspot\src\share\vm\prims\jvm.cpp:1244
Event: 39.524 Thread 0x00bec400 Threw 0x24200770 at C:\re\jdk7u45\229\hotspot\src\share\vm\prims\jvm.cpp:1244
Event: 49.726 Thread 0x00bec400 Threw 0x24202c80 at C:\re\jdk7u45\229\hotspot\src\share\vm\prims\jvm.cpp:1244
Event: 49.727 Thread 0x00bec400 Threw 0x24205188 at C:\re\jdk7u45\229\hotspot\src\share\vm\prims\jvm.cpp:1244
Event: 52.019 Thread 0x00bec400 Threw 0x243914a0 at C:\re\jdk7u45\229\hotspot\src\share\vm\prims\jvm.cpp:1244
Event: 151.644 Thread 0x00bec400 Threw 0x240a94a0 at C:\re\jdk7u45\229\hotspot\src\share\vm\prims\jvm.cpp:1244

Events (10 events):
Event: 226.174 Executing VM operation: GenCollectForAllocation
Event: 226.174 Executing VM operation: GenCollectForAllocation done
Event: 226.378 Executing VM operation: GenCollectForAllocation
Event: 226.378 Executing VM operation: GenCollectForAllocation done
Event: 226.580 Executing VM operation: GenCollectForAllocation
Event: 226.580 Executing VM operation: GenCollectForAllocation done
Event: 226.799 Executing VM operation: GenCollectForAllocation
Event: 226.799 Executing VM operation: GenCollectForAllocation done
Event: 227.001 Executing VM operation: GenCollectForAllocation
Event: 227.002 Executing VM operation: GenCollectForAllocation done


Dynamic libraries:
0x00c30000 - 0x00c5f000 	C:\Program Files (x86)\Java\jdk1.7.0_45\bin\javaw.exe
0x77740000 - 0x778c0000 	C:\Windows\SysWOW64\ntdll.dll
0x75a60000 - 0x75b70000 	C:\Windows\syswow64\kernel32.dll
0x75bf0000 - 0x75c37000 	C:\Windows\syswow64\KERNELBASE.dll
0x75100000 - 0x751a0000 	C:\Windows\syswow64\ADVAPI32.dll
0x760d0000 - 0x7617c000 	C:\Windows\syswow64\msvcrt.dll
0x760b0000 - 0x760c9000 	C:\Windows\SysWOW64\sechost.dll
0x75e00000 - 0x75ef0000 	C:\Windows\syswow64\RPCRT4.dll
0x74df0000 - 0x74e50000 	C:\Windows\syswow64\SspiCli.dll
0x74de0000 - 0x74dec000 	C:\Windows\syswow64\CRYPTBASE.dll
0x75710000 - 0x75810000 	C:\Windows\syswow64\USER32.dll
0x75670000 - 0x75700000 	C:\Windows\syswow64\GDI32.dll
0x760a0000 - 0x760aa000 	C:\Windows\syswow64\LPK.dll
0x74e50000 - 0x74eed000 	C:\Windows\syswow64\USP10.dll
0x70540000 - 0x706de000 	C:\Windows\WinSxS\x86_microsoft.windows.common-controls_6595b64144ccf1df_6.0.7601.17514_none_41e6975e2bd6f2b2\COMCTL32.dll
0x75da0000 - 0x75df7000 	C:\Windows\syswow64\SHLWAPI.dll
0x75610000 - 0x75670000 	C:\Windows\system32\IMM32.DLL
0x75ef0000 - 0x75fbc000 	C:\Windows\syswow64\MSCTF.dll
0x54b50000 - 0x54c0f000 	C:\Program Files (x86)\Java\jdk1.7.0_45\jre\bin\msvcr100.dll
0x6db20000 - 0x6dea0000 	C:\Program Files (x86)\Java\jdk1.7.0_45\jre\bin\client\jvm.dll
0x748a0000 - 0x748a7000 	C:\Windows\system32\WSOCK32.dll
0x75bb0000 - 0x75be5000 	C:\Windows\syswow64\WS2_32.dll
0x750f0000 - 0x750f6000 	C:\Windows\syswow64\NSI.dll
0x706e0000 - 0x70712000 	C:\Windows\system32\WINMM.dll
0x75700000 - 0x75705000 	C:\Windows\syswow64\PSAPI.DLL
0x6e200000 - 0x6e20c000 	C:\Program Files (x86)\Java\jdk1.7.0_45\jre\bin\verify.dll
0x6d560000 - 0x6d580000 	C:\Program Files (x86)\Java\jdk1.7.0_45\jre\bin\java.dll
0x6e850000 - 0x6e863000 	C:\Program Files (x86)\Java\jdk1.7.0_45\jre\bin\zip.dll
0x0f310000 - 0x0f4f6000 	D:\JAVA\GRY\StarCraft AI\EradicatumXVR\EradicatumXVR-driver-x86.dll
0x10000000 - 0x1002b000 	C:\Program Files (x86)\Java\jdk1.7.0_45\bin\gmp-vc90-mt.dll
0x72400000 - 0x724a3000 	C:\Windows\WinSxS\x86_microsoft.vc90.crt_1fc8b3b9a1e18e3b_9.0.30729.6161_none_50934f2ebcb7eb57\MSVCR90.dll
0x5d720000 - 0x5d7ae000 	C:\Windows\WinSxS\x86_microsoft.vc90.crt_1fc8b3b9a1e18e3b_9.0.30729.6161_none_50934f2ebcb7eb57\MSVCP90.dll
0x003f0000 - 0x00431000 	C:\Program Files (x86)\Java\jdk1.7.0_45\bin\mpfr-vc90-mt.dll
0x72910000 - 0x729fb000 	C:\Windows\system32\dbghelp.dll

VM Arguments:
jvm_args: -Dfile.encoding=UTF-8 
java_command: ai.core.XVRClient
Launcher Type: SUN_STANDARD

Environment Variables:
JAVA_HOME=C:\Program Files (x86)\Java\jdk1.7.0_45
PATH=C:/Program Files (x86)/Java/jdk1.7.0_45/bin/../jre/bin/client;C:/Program Files (x86)/Java/jdk1.7.0_45/bin/../jre/bin;C:/Program Files (x86)/Java/jdk1.7.0_45/bin/../jre/lib/i386;C:\Program Files (x86)\NVIDIA Corporation\PhysX\Common;C:\Program Files (x86)\Intel\iCLS Client\;C:\Program Files\Intel\iCLS Client\;C:\Program Files (x86)\Java\jdk1.7.0_45\bin\;D:\PROGRAMY\Python\27\;C:\maven\bin;C:\Program Files (x86)\CollabNet\Subversion Client;C:\Windows\system32;D:\PROGRAMY\wamp\bin\php\php5.5.12;C:\Windows;C:\Windows\System32\Wbem;C:\Windows\System32\WindowsPowerShell\v1.0\;C:\Program Files\TortoiseSVN\bin;I:\PROGRAMY\MongoDB\bin\;C:\Program Files\nodejs\;D:\PROGRAMY\Git\cmd;D:\PROGRAMY\NirCmd\;D:\PROGRAMY\Mercurial\;C:\ProgramData\ComposerSetup\bin;C:\maven\bin;D:\LIBRARIES\cURL\bin;C:\Windows\System32\WindowsPowerShell\v1.0\;C:\Windows\System32\WindowsPowerShell\v1.0\;D:\PROGRAMY\WinSCP\;d:\programy\wt-nmp\bin;C:\Program Files\Intel\Intel(R) Management Engine Components\DAL;C:\Program Files (x86)\Intel\Intel(R) Management Engine Components\DAL;C:\Program Files\Intel\Intel(R) Management Engine Components\IPT;C:\Program Files (x86)\Intel\Intel(R) Management Engine Components\IPT;C:\Users\Rav\AppData\Roaming\npm;D:\PROGRAMY\eclipse32;
USERNAME=Rav
OS=Windows_NT
PROCESSOR_IDENTIFIER=Intel64 Family 6 Model 60 Stepping 3, GenuineIntel



---------------  S Y S T E M  ---------------

OS: Windows 7 , 64 bit Build 7601 Service Pack 1

CPU:total 2 (2 cores per cpu, 1 threads per core) family 6 model 60 stepping 3, cmov, cx8, fxsr, mmx, sse, sse2, sse3, ssse3, sse4.1, sse4.2, popcnt, erms, tsc, tscinvbit

Memory: 4k page, physical 8339432k(2546024k free), swap 12531876k(3783440k free)

vm_info: Java HotSpot(TM) Client VM (24.45-b08) for windows-x86 JRE (1.7.0_45-b18), built on Oct  8 2013 06:02:43 by "java_re" with unknown MS VC++:1600

time: Wed Jan 28 22:45:35 2015
elapsed time: 275 seconds

